2019-04-30 13:05:22,275 [restartedMain] INFO  com.wewritecode.miner.GoldMineCLI - Beginning scraping program.
2019-04-30 13:05:22,278 [restartedMain] INFO  com.wewritecode.miner.GoldMineCLI - Beginning scraping SUMMER 2019
2019-04-30 13:05:22,280 [restartedMain] INFO  com.wewritecode.miner.GoldMineController - Starting multi-threaded scrape.
2019-04-30 13:05:22,953 [restartedMain] INFO  com.wewritecode.miner.GoldMineController - Creating 4 available threads.
2019-04-30 13:05:24,306 [restartedMain] DEBUG com.wewritecode.miner.GoldMineController - Creating new task for: Anthropology - ANTH.
2019-04-30 13:05:24,307 [restartedMain] DEBUG com.wewritecode.miner.GoldMineController - Creating new task for: Art - ART.
2019-04-30 13:05:24,308 [restartedMain] DEBUG com.wewritecode.miner.GoldMineController - Creating new task for: Art (Creative Studies) - ART CS.
2019-04-30 13:05:24,308 [restartedMain] DEBUG com.wewritecode.miner.GoldMineController - Creating new task for: Art History - ARTHI.
2019-04-30 13:05:24,308 [restartedMain] DEBUG com.wewritecode.miner.GoldMineController - Creating new task for: Art Studio - ARTST.
2019-04-30 13:05:24,309 [restartedMain] DEBUG com.wewritecode.miner.GoldMineController - Creating new task for: Asian American Studies - AS AM.
2019-04-30 13:05:24,309 [restartedMain] DEBUG com.wewritecode.miner.GoldMineController - Creating new task for: Astronomy - ASTRO.
2019-04-30 13:05:24,309 [restartedMain] DEBUG com.wewritecode.miner.GoldMineController - Creating new task for: Biology - BIOL.
2019-04-30 13:05:24,309 [restartedMain] DEBUG com.wewritecode.miner.GoldMineController - Creating new task for: Biology (Creative Studies) - BIOL CS.
2019-04-30 13:05:24,309 [restartedMain] DEBUG com.wewritecode.miner.GoldMineController - Creating new task for: Biomolecular Science and Engineering - BMSE.
2019-04-30 13:05:24,309 [restartedMain] DEBUG com.wewritecode.miner.GoldMineController - Creating new task for: Black Studies - BL ST.
2019-04-30 13:05:24,310 [restartedMain] DEBUG com.wewritecode.miner.GoldMineController - Creating new task for: Chemical Engineering - CH E.
2019-04-30 13:05:24,310 [restartedMain] DEBUG com.wewritecode.miner.GoldMineController - Creating new task for: Chemistry (Creative Studies) - CHEM CS.
2019-04-30 13:05:24,310 [restartedMain] DEBUG com.wewritecode.miner.GoldMineController - Creating new task for: Chemistry and Biochemistry - CHEM.
2019-04-30 13:05:24,310 [restartedMain] DEBUG com.wewritecode.miner.GoldMineController - Creating new task for: Chicano Studies - CH ST.
2019-04-30 13:05:24,310 [restartedMain] DEBUG com.wewritecode.miner.GoldMineController - Creating new task for: Chinese - CHIN.
2019-04-30 13:05:24,311 [restartedMain] DEBUG com.wewritecode.miner.GoldMineController - Creating new task for: Classics - CLASS.
2019-04-30 13:05:24,311 [restartedMain] DEBUG com.wewritecode.miner.GoldMineController - Creating new task for: Communication - COMM.
2019-04-30 13:05:24,311 [restartedMain] DEBUG com.wewritecode.miner.GoldMineController - Creating new task for: Comparative Literature - C LIT.
2019-04-30 13:05:24,311 [restartedMain] DEBUG com.wewritecode.miner.GoldMineController - Creating new task for: Computer Science - CMPSC.
2019-04-30 13:05:24,311 [restartedMain] DEBUG com.wewritecode.miner.GoldMineController - Creating new task for: Computer Science (Creative Studies) - CMPSCCS.
2019-04-30 13:05:24,311 [restartedMain] DEBUG com.wewritecode.miner.GoldMineController - Creating new task for: Computing (Creative Studies) - CMPTG.
2019-04-30 13:05:24,311 [restartedMain] DEBUG com.wewritecode.miner.GoldMineController - Creating new task for: Computing (Creative Studies) - CMPTGCS.
2019-04-30 13:05:24,311 [restartedMain] DEBUG com.wewritecode.miner.GoldMineController - Creating new task for: Counseling, Clinical, School Psychology - CNCSP.
2019-04-30 13:05:24,311 [restartedMain] DEBUG com.wewritecode.miner.GoldMineController - Creating new task for: Dance - DANCE.
2019-04-30 13:05:24,311 [restartedMain] DEBUG com.wewritecode.miner.GoldMineController - Creating new task for: Dynamical Neuroscience - DYNS.
2019-04-30 13:05:24,312 [restartedMain] DEBUG com.wewritecode.miner.GoldMineController - Creating new task for: Earth Science - EARTH.
2019-04-30 13:05:24,312 [restartedMain] DEBUG com.wewritecode.miner.GoldMineController - Creating new task for: East Asian Cultural Studies - EACS.
2019-04-30 13:05:24,312 [restartedMain] DEBUG com.wewritecode.miner.GoldMineController - Creating new task for: Ecology, Evolution & Marine Biology - EEMB.
2019-04-30 13:05:24,312 [restartedMain] DEBUG com.wewritecode.miner.GoldMineController - Creating new task for: Economics - ECON.
2019-04-30 13:05:24,312 [restartedMain] DEBUG com.wewritecode.miner.GoldMineController - Creating new task for: Education - ED.
2019-04-30 13:05:24,313 [restartedMain] DEBUG com.wewritecode.miner.GoldMineController - Creating new task for: Electrical Computer Engineering - ECE.
2019-04-30 13:05:24,313 [restartedMain] DEBUG com.wewritecode.miner.GoldMineController - Creating new task for: Engineering Sciences - ENGR.
2019-04-30 13:05:24,313 [restartedMain] DEBUG com.wewritecode.miner.GoldMineController - Creating new task for: English - ENGL.
2019-04-30 13:05:24,313 [restartedMain] DEBUG com.wewritecode.miner.GoldMineController - Creating new task for: Environmental Science & Management - ESM.
2019-04-30 13:05:24,314 [restartedMain] DEBUG com.wewritecode.miner.GoldMineController - Creating new task for: Environmental Studies - ENV S.
2019-04-30 13:05:24,314 [restartedMain] DEBUG com.wewritecode.miner.GoldMineController - Creating new task for: Exercise & Sport Studies - ESS.
2019-04-30 13:05:24,314 [restartedMain] DEBUG com.wewritecode.miner.GoldMineController - Creating new task for: Exercise Sport - ES.
2019-04-30 13:05:24,314 [restartedMain] DEBUG com.wewritecode.miner.GoldMineController - Creating new task for: Feminist Studies - FEMST.
2019-04-30 13:05:24,314 [restartedMain] DEBUG com.wewritecode.miner.GoldMineController - Creating new task for: Film and Media Studies - FAMST.
2019-04-30 13:05:24,314 [restartedMain] DEBUG com.wewritecode.miner.GoldMineController - Creating new task for: French - FR.
2019-04-30 13:05:24,314 [restartedMain] DEBUG com.wewritecode.miner.GoldMineController - Creating new task for: General Studies (Creative Studies) - GEN S.
2019-04-30 13:05:24,314 [restartedMain] DEBUG com.wewritecode.miner.GoldMineController - Creating new task for: General Studies (Creative Studies) - GEN SCS.
2019-04-30 13:05:24,314 [restartedMain] DEBUG com.wewritecode.miner.GoldMineController - Creating new task for: Geography - GEOG.
2019-04-30 13:05:24,314 [restartedMain] DEBUG com.wewritecode.miner.GoldMineController - Creating new task for: German - GER.
2019-04-30 13:05:24,314 [restartedMain] DEBUG com.wewritecode.miner.GoldMineController - Creating new task for: Global Peace and Security - GPS.
2019-04-30 13:05:24,315 [restartedMain] DEBUG com.wewritecode.miner.GoldMineController - Creating new task for: Global Studies - GLOBL.
2019-04-30 13:05:24,315 [restartedMain] DEBUG com.wewritecode.miner.GoldMineController - Creating new task for: Graduate Division - GRAD.
2019-04-30 13:05:24,315 [restartedMain] DEBUG com.wewritecode.miner.GoldMineController - Creating new task for: Greek - GREEK.
2019-04-30 13:05:24,315 [restartedMain] DEBUG com.wewritecode.miner.GoldMineController - Creating new task for: Hebrew - HEB.
2019-04-30 13:05:24,315 [restartedMain] DEBUG com.wewritecode.miner.GoldMineController - Creating new task for: History - HIST.
2019-04-30 13:05:24,315 [restartedMain] DEBUG com.wewritecode.miner.GoldMineController - Creating new task for: Interdisciplinary - INT.
2019-04-30 13:05:24,315 [restartedMain] DEBUG com.wewritecode.miner.GoldMineController - Creating new task for: Interdisciplinary (Creative Studies) - INT CS.
2019-04-30 13:05:24,315 [restartedMain] DEBUG com.wewritecode.miner.GoldMineController - Creating new task for: Italian - ITAL.
2019-04-30 13:05:24,315 [restartedMain] DEBUG com.wewritecode.miner.GoldMineController - Creating new task for: Japanese - JAPAN.
2019-04-30 13:05:24,315 [restartedMain] DEBUG com.wewritecode.miner.GoldMineController - Creating new task for: Korean - KOR.
2019-04-30 13:05:24,315 [restartedMain] DEBUG com.wewritecode.miner.GoldMineController - Creating new task for: Latin - LATIN.
2019-04-30 13:05:24,315 [restartedMain] DEBUG com.wewritecode.miner.GoldMineController - Creating new task for: Latin American and Iberian Studies - LAIS.
2019-04-30 13:05:24,315 [restartedMain] DEBUG com.wewritecode.miner.GoldMineController - Creating new task for: Linguistics - LING.
2019-04-30 13:05:24,315 [restartedMain] DEBUG com.wewritecode.miner.GoldMineController - Creating new task for: Literature (Creative Studies) - LIT.
2019-04-30 13:05:24,315 [restartedMain] DEBUG com.wewritecode.miner.GoldMineController - Creating new task for: Literature (Creative Studies) - LIT CS.
2019-04-30 13:05:24,315 [restartedMain] DEBUG com.wewritecode.miner.GoldMineController - Creating new task for: Marine Science - MARSC.
2019-04-30 13:05:24,316 [restartedMain] DEBUG com.wewritecode.miner.GoldMineController - Creating new task for: Materials - MATRL.
2019-04-30 13:05:24,316 [restartedMain] DEBUG com.wewritecode.miner.GoldMineController - Creating new task for: Mathematics - MATH.
2019-04-30 13:05:24,316 [restartedMain] DEBUG com.wewritecode.miner.GoldMineController - Creating new task for: Mathematics (Creative Studies) - MATH CS.
2019-04-30 13:05:24,316 [restartedMain] DEBUG com.wewritecode.miner.GoldMineController - Creating new task for: Mechanical Engineering - ME.
2019-04-30 13:05:24,316 [restartedMain] DEBUG com.wewritecode.miner.GoldMineController - Creating new task for: Media Arts and Technology - MAT.
2019-04-30 13:05:24,316 [restartedMain] DEBUG com.wewritecode.miner.GoldMineController - Creating new task for: Medieval Studies - ME ST.
2019-04-30 13:05:24,316 [restartedMain] DEBUG com.wewritecode.miner.GoldMineController - Creating new task for: Middle East Studies - MES.
2019-04-30 13:05:24,316 [restartedMain] DEBUG com.wewritecode.miner.GoldMineController - Creating new task for: Military Science - MS.
2019-04-30 13:05:24,316 [restartedMain] DEBUG com.wewritecode.miner.GoldMineController - Creating new task for: Molecular, Cellular & Develop. Biology - MCDB.
2019-04-30 13:05:24,316 [restartedMain] DEBUG com.wewritecode.miner.GoldMineController - Creating new task for: Music - MUS.
2019-04-30 13:05:24,316 [restartedMain] DEBUG com.wewritecode.miner.GoldMineController - Creating new task for: Music (Creative Studies) - MUS CS.
2019-04-30 13:05:24,316 [restartedMain] DEBUG com.wewritecode.miner.GoldMineController - Creating new task for: Music Performance Laboratories - MUS A.
2019-04-30 13:05:24,316 [restartedMain] DEBUG com.wewritecode.miner.GoldMineController - Creating new task for: Philosophy - PHIL.
2019-04-30 13:05:24,317 [restartedMain] DEBUG com.wewritecode.miner.GoldMineController - Creating new task for: Physics - PHYS.
2019-04-30 13:05:24,317 [restartedMain] DEBUG com.wewritecode.miner.GoldMineController - Creating new task for: Physics (Creative Studies) - PHYS CS.
2019-04-30 13:05:24,318 [restartedMain] DEBUG com.wewritecode.miner.GoldMineController - Creating new task for: Political Science - POL S.
2019-04-30 13:05:24,318 [restartedMain] DEBUG com.wewritecode.miner.GoldMineController - Creating new task for: Portuguese - PORT.
2019-04-30 13:05:24,318 [restartedMain] DEBUG com.wewritecode.miner.GoldMineController - Creating new task for: Psychology - PSY.
2019-04-30 13:05:24,318 [restartedMain] DEBUG com.wewritecode.miner.GoldMineController - Creating new task for: Religious Studies - RG ST.
2019-04-30 13:05:24,318 [restartedMain] DEBUG com.wewritecode.miner.GoldMineController - Creating new task for: Renaissance Studies - RENST.
2019-04-30 13:05:24,318 [restartedMain] DEBUG com.wewritecode.miner.GoldMineController - Creating new task for: Slavic - SLAV.
2019-04-30 13:05:24,318 [restartedMain] DEBUG com.wewritecode.miner.GoldMineController - Creating new task for: Sociology - SOC.
2019-04-30 13:05:24,318 [restartedMain] DEBUG com.wewritecode.miner.GoldMineController - Creating new task for: Spanish - SPAN.
2019-04-30 13:05:24,318 [restartedMain] DEBUG com.wewritecode.miner.GoldMineController - Creating new task for: Speech & Hearing Sciences - SHS.
2019-04-30 13:05:24,318 [restartedMain] DEBUG com.wewritecode.miner.GoldMineController - Creating new task for: Statistics & Applied Probability - PSTAT.
2019-04-30 13:05:24,318 [restartedMain] DEBUG com.wewritecode.miner.GoldMineController - Creating new task for: Technology Management - TMP.
2019-04-30 13:05:24,318 [restartedMain] DEBUG com.wewritecode.miner.GoldMineController - Creating new task for: Theater - THTR.
2019-04-30 13:05:24,318 [restartedMain] DEBUG com.wewritecode.miner.GoldMineController - Creating new task for: Writing - WRIT.
2019-04-30 13:05:24,318 [restartedMain] DEBUG com.wewritecode.miner.GoldMineController - Creating new task for: Writing & Literature (Creative Studies) - W&L.
2019-04-30 13:05:24,318 [restartedMain] DEBUG com.wewritecode.miner.GoldMineController - Creating new task for: Writing & Literature (Creative Studies) - W&L CS.
2019-04-30 13:05:26,916 [pool-1-thread-2] DEBUG com.wewritecode.miner.GoldMiner - Getting all courses from: Art.
2019-04-30 13:05:26,962 [pool-1-thread-2] DEBUG com.wewritecode.miner.GoldMiner - Found 13 sessions for subject: Art.
2019-04-30 13:05:26,972 [pool-1-thread-4] DEBUG com.wewritecode.miner.GoldMiner - Getting all courses from: Art History.
2019-04-30 13:05:26,988 [pool-1-thread-3] DEBUG com.wewritecode.miner.GoldMiner - Getting all courses from: Art (Creative Studies).
2019-04-30 13:05:27,041 [pool-1-thread-4] DEBUG com.wewritecode.miner.GoldMiner - Found 24 sessions for subject: Art History.
2019-04-30 13:05:27,299 [pool-1-thread-1] DEBUG com.wewritecode.miner.GoldMiner - Getting all courses from: Anthropology.
2019-04-30 13:05:27,363 [pool-1-thread-2] ERROR com.wewritecode.miner.GoldMiner - Error thrown at subject area: Art
2019-04-30 13:05:27,511 [pool-1-thread-1] DEBUG com.wewritecode.miner.GoldMiner - Found 33 sessions for subject: Anthropology.
2019-04-30 13:05:29,179 [pool-1-thread-3] DEBUG com.wewritecode.miner.GoldMiner - Getting all courses from: Art Studio.
2019-04-30 13:05:29,444 [pool-1-thread-2] DEBUG com.wewritecode.miner.GoldMiner - Getting all courses from: Asian American Studies.
2019-04-30 13:05:29,520 [pool-1-thread-2] DEBUG com.wewritecode.miner.GoldMiner - Found 15 sessions for subject: Asian American Studies.
2019-04-30 13:05:32,215 [pool-1-thread-3] DEBUG com.wewritecode.miner.GoldMiner - Getting all courses from: Astronomy.
2019-04-30 13:05:32,245 [pool-1-thread-3] DEBUG com.wewritecode.miner.GoldMiner - Found 3 sessions for subject: Astronomy.
2019-04-30 13:05:33,102 [pool-1-thread-3] DEBUG com.wewritecode.miner.GoldMiner - Done getting courses for: Astronomy
2019-04-30 13:05:33,103 [pool-1-thread-3] INFO  com.wewritecode.util.MethodTimer - Method: getCourses took 0 min, 0 sec for: Astronomy
2019-04-30 13:05:34,696 [pool-1-thread-3] DEBUG com.wewritecode.miner.GoldMiner - Getting all courses from: Biology.
2019-04-30 13:05:35,595 [pool-1-thread-2] DEBUG com.wewritecode.miner.GoldMiner - Done getting courses for: Asian American Studies
2019-04-30 13:05:35,597 [pool-1-thread-2] INFO  com.wewritecode.util.MethodTimer - Method: getCourses took 0 min, 6 sec for: Asian American Studies
2019-04-30 13:05:36,564 [pool-1-thread-3] DEBUG com.wewritecode.miner.GoldMiner - Getting all courses from: Biology (Creative Studies).
2019-04-30 13:05:37,238 [pool-1-thread-2] DEBUG com.wewritecode.miner.GoldMiner - Getting all courses from: Biomolecular Science and Engineering.
2019-04-30 13:05:37,284 [pool-1-thread-2] DEBUG com.wewritecode.miner.GoldMiner - Found 2 sessions for subject: Biomolecular Science and Engineering.
2019-04-30 13:05:38,253 [pool-1-thread-3] DEBUG com.wewritecode.miner.GoldMiner - Getting all courses from: Black Studies.
2019-04-30 13:05:38,297 [pool-1-thread-3] DEBUG com.wewritecode.miner.GoldMiner - Found 15 sessions for subject: Black Studies.
2019-04-30 13:05:38,323 [pool-1-thread-2] DEBUG com.wewritecode.miner.GoldMiner - Done getting courses for: Biomolecular Science and Engineering
2019-04-30 13:05:38,323 [pool-1-thread-2] INFO  com.wewritecode.util.MethodTimer - Method: getCourses took 0 min, 1 sec for: Biomolecular Science and Engineering
2019-04-30 13:05:40,310 [pool-1-thread-2] DEBUG com.wewritecode.miner.GoldMiner - Getting all courses from: Chemical Engineering.
2019-04-30 13:05:40,347 [pool-1-thread-2] DEBUG com.wewritecode.miner.GoldMiner - Found 8 sessions for subject: Chemical Engineering.
2019-04-30 13:05:40,852 [pool-1-thread-4] DEBUG com.wewritecode.miner.GoldMiner - Done getting courses for: Art History
2019-04-30 13:05:40,852 [pool-1-thread-4] INFO  com.wewritecode.util.MethodTimer - Method: getCourses took 0 min, 13 sec for: Art History
2019-04-30 13:05:42,517 [pool-1-thread-4] DEBUG com.wewritecode.miner.GoldMiner - Getting all courses from: Chemistry (Creative Studies).
2019-04-30 13:05:44,165 [pool-1-thread-4] DEBUG com.wewritecode.miner.GoldMiner - Getting all courses from: Chemistry and Biochemistry.
2019-04-30 13:05:44,208 [pool-1-thread-4] DEBUG com.wewritecode.miner.GoldMiner - Found 42 sessions for subject: Chemistry and Biochemistry.
2019-04-30 13:05:44,558 [pool-1-thread-2] DEBUG com.wewritecode.miner.GoldMiner - Done getting courses for: Chemical Engineering
2019-04-30 13:05:44,558 [pool-1-thread-2] INFO  com.wewritecode.util.MethodTimer - Method: getCourses took 0 min, 4 sec for: Chemical Engineering
2019-04-30 13:05:46,118 [pool-1-thread-3] DEBUG com.wewritecode.miner.GoldMiner - Done getting courses for: Black Studies
2019-04-30 13:05:46,118 [pool-1-thread-3] INFO  com.wewritecode.util.MethodTimer - Method: getCourses took 0 min, 7 sec for: Black Studies
2019-04-30 13:05:47,523 [pool-1-thread-3] DEBUG com.wewritecode.miner.GoldMiner - Getting all courses from: Chinese.
2019-04-30 13:05:47,566 [pool-1-thread-3] DEBUG com.wewritecode.miner.GoldMiner - Found 7 sessions for subject: Chinese.
2019-04-30 13:05:47,636 [pool-1-thread-2] DEBUG com.wewritecode.miner.GoldMiner - Getting all courses from: Chicano Studies.
2019-04-30 13:05:47,675 [pool-1-thread-2] DEBUG com.wewritecode.miner.GoldMiner - Found 24 sessions for subject: Chicano Studies.
2019-04-30 13:05:48,905 [pool-1-thread-1] DEBUG com.wewritecode.miner.GoldMiner - Done getting courses for: Anthropology
2019-04-30 13:05:48,905 [pool-1-thread-1] INFO  com.wewritecode.util.MethodTimer - Method: getCourses took 0 min, 21 sec for: Anthropology
2019-04-30 13:05:48,978 [restartedMain] DEBUG com.wewritecode.miner.GoldMineController - Scraped ANTH courses.
2019-04-30 13:05:48,978 [restartedMain] ERROR com.wewritecode.miner.GoldMineCLI - Exception thrown in main GoldMineCLI Application
2019-04-30 13:05:48,978 [restartedMain] ERROR com.wewritecode.miner.GoldMineCLI - org.json.JSONException: JSONObject["courseID"] not found.
2019-04-30 13:05:50,585 [pool-1-thread-1] DEBUG com.wewritecode.miner.GoldMiner - Getting all courses from: Classics.
2019-04-30 13:05:50,632 [pool-1-thread-1] DEBUG com.wewritecode.miner.GoldMiner - Found 29 sessions for subject: Classics.
2019-04-30 13:05:50,654 [pool-1-thread-3] DEBUG com.wewritecode.miner.GoldMiner - Done getting courses for: Chinese
2019-04-30 13:05:50,654 [pool-1-thread-3] INFO  com.wewritecode.util.MethodTimer - Method: getCourses took 0 min, 3 sec for: Chinese
2019-04-30 13:05:52,416 [pool-1-thread-3] DEBUG com.wewritecode.miner.GoldMiner - Getting all courses from: Communication.
2019-04-30 13:05:52,465 [pool-1-thread-3] DEBUG com.wewritecode.miner.GoldMiner - Found 43 sessions for subject: Communication.
2019-04-30 13:05:59,305 [pool-1-thread-2] DEBUG com.wewritecode.miner.GoldMiner - Done getting courses for: Chicano Studies
2019-04-30 13:05:59,305 [pool-1-thread-2] INFO  com.wewritecode.util.MethodTimer - Method: getCourses took 0 min, 11 sec for: Chicano Studies
2019-04-30 13:06:01,774 [pool-1-thread-2] DEBUG com.wewritecode.miner.GoldMiner - Getting all courses from: Comparative Literature.
2019-04-30 13:06:01,815 [pool-1-thread-2] DEBUG com.wewritecode.miner.GoldMiner - Found 18 sessions for subject: Comparative Literature.
2019-04-30 13:06:01,951 [pool-1-thread-1] DEBUG com.wewritecode.miner.GoldMiner - Done getting courses for: Classics
2019-04-30 13:06:01,951 [pool-1-thread-1] INFO  com.wewritecode.util.MethodTimer - Method: getCourses took 0 min, 11 sec for: Classics
2019-04-30 13:06:05,392 [pool-1-thread-1] DEBUG com.wewritecode.miner.GoldMiner - Getting all courses from: Computer Science.
2019-04-30 13:06:05,431 [pool-1-thread-1] DEBUG com.wewritecode.miner.GoldMiner - Found 40 sessions for subject: Computer Science.
2019-04-30 13:06:07,062 [pool-1-thread-4] DEBUG com.wewritecode.miner.GoldMiner - Done getting courses for: Chemistry and Biochemistry
2019-04-30 13:06:07,062 [pool-1-thread-4] INFO  com.wewritecode.util.MethodTimer - Method: getCourses took 0 min, 22 sec for: Chemistry and Biochemistry
2019-04-30 13:06:08,626 [pool-1-thread-4] DEBUG com.wewritecode.miner.GoldMiner - Getting all courses from: Computer Science (Creative Studies).
2019-04-30 13:06:10,154 [pool-1-thread-2] DEBUG com.wewritecode.miner.GoldMiner - Done getting courses for: Comparative Literature
2019-04-30 13:06:10,155 [pool-1-thread-2] INFO  com.wewritecode.util.MethodTimer - Method: getCourses took 0 min, 8 sec for: Comparative Literature
2019-04-30 13:06:10,563 [pool-1-thread-4] DEBUG com.wewritecode.miner.GoldMiner - Getting all courses from: Computing (Creative Studies).
2019-04-30 13:06:12,277 [pool-1-thread-2] DEBUG com.wewritecode.miner.GoldMiner - Getting all courses from: Computing (Creative Studies).
2019-04-30 13:06:12,472 [pool-1-thread-4] DEBUG com.wewritecode.miner.GoldMiner - Getting all courses from: Counseling, Clinical, School Psychology.
2019-04-30 13:06:12,512 [pool-1-thread-4] DEBUG com.wewritecode.miner.GoldMiner - Found 24 sessions for subject: Counseling, Clinical, School Psychology.
2019-04-30 13:06:15,060 [pool-1-thread-2] DEBUG com.wewritecode.miner.GoldMiner - Getting all courses from: Dance.
2019-04-30 13:06:15,092 [pool-1-thread-2] DEBUG com.wewritecode.miner.GoldMiner - Found 12 sessions for subject: Dance.
2019-04-30 13:06:17,877 [pool-1-thread-3] DEBUG com.wewritecode.miner.GoldMiner - Done getting courses for: Communication
2019-04-30 13:06:17,877 [pool-1-thread-3] INFO  com.wewritecode.util.MethodTimer - Method: getCourses took 0 min, 25 sec for: Communication
2019-04-30 13:06:19,403 [pool-1-thread-3] DEBUG com.wewritecode.miner.GoldMiner - Getting all courses from: Dynamical Neuroscience.
2019-04-30 13:06:19,433 [pool-1-thread-3] DEBUG com.wewritecode.miner.GoldMiner - Found 1 sessions for subject: Dynamical Neuroscience.
2019-04-30 13:06:19,843 [pool-1-thread-3] DEBUG com.wewritecode.miner.GoldMiner - Done getting courses for: Dynamical Neuroscience
2019-04-30 13:06:19,843 [pool-1-thread-3] INFO  com.wewritecode.util.MethodTimer - Method: getCourses took 0 min, 0 sec for: Dynamical Neuroscience
2019-04-30 13:06:20,605 [pool-1-thread-2] DEBUG com.wewritecode.miner.GoldMiner - Done getting courses for: Dance
2019-04-30 13:06:20,605 [pool-1-thread-2] INFO  com.wewritecode.util.MethodTimer - Method: getCourses took 0 min, 5 sec for: Dance
2019-04-30 13:06:22,020 [pool-1-thread-3] DEBUG com.wewritecode.miner.GoldMiner - Getting all courses from: Earth Science.
2019-04-30 13:06:22,070 [pool-1-thread-3] DEBUG com.wewritecode.miner.GoldMiner - Found 25 sessions for subject: Earth Science.
2019-04-30 13:06:22,405 [pool-1-thread-2] DEBUG com.wewritecode.miner.GoldMiner - Getting all courses from: East Asian Cultural Studies.
2019-04-30 13:06:22,436 [pool-1-thread-2] DEBUG com.wewritecode.miner.GoldMiner - Found 2 sessions for subject: East Asian Cultural Studies.
2019-04-30 13:06:23,257 [pool-1-thread-2] DEBUG com.wewritecode.miner.GoldMiner - Done getting courses for: East Asian Cultural Studies
2019-04-30 13:06:23,258 [pool-1-thread-2] INFO  com.wewritecode.util.MethodTimer - Method: getCourses took 0 min, 0 sec for: East Asian Cultural Studies
2019-04-30 13:06:24,165 [pool-1-thread-4] DEBUG com.wewritecode.miner.GoldMiner - Done getting courses for: Counseling, Clinical, School Psychology
2019-04-30 13:06:24,166 [pool-1-thread-4] INFO  com.wewritecode.util.MethodTimer - Method: getCourses took 0 min, 11 sec for: Counseling, Clinical, School Psychology
2019-04-30 13:06:25,194 [pool-1-thread-2] DEBUG com.wewritecode.miner.GoldMiner - Getting all courses from: Ecology, Evolution & Marine Biology.
2019-04-30 13:06:25,229 [pool-1-thread-2] DEBUG com.wewritecode.miner.GoldMiner - Found 50 sessions for subject: Ecology, Evolution & Marine Biology.
2019-04-30 13:06:26,449 [pool-1-thread-1] DEBUG com.wewritecode.miner.GoldMiner - Done getting courses for: Computer Science
2019-04-30 13:06:26,449 [pool-1-thread-1] INFO  com.wewritecode.util.MethodTimer - Method: getCourses took 0 min, 21 sec for: Computer Science
2019-04-30 13:06:27,122 [pool-1-thread-4] DEBUG com.wewritecode.miner.GoldMiner - Getting all courses from: Economics.
2019-04-30 13:06:27,159 [pool-1-thread-4] DEBUG com.wewritecode.miner.GoldMiner - Found 54 sessions for subject: Economics.
2019-04-30 13:06:29,163 [pool-1-thread-1] DEBUG com.wewritecode.miner.GoldMiner - Getting all courses from: Education.
2019-04-30 13:06:29,211 [pool-1-thread-1] DEBUG com.wewritecode.miner.GoldMiner - Found 66 sessions for subject: Education.
2019-04-30 13:06:33,659 [pool-1-thread-3] DEBUG com.wewritecode.miner.GoldMiner - Done getting courses for: Earth Science
2019-04-30 13:06:33,659 [pool-1-thread-3] INFO  com.wewritecode.util.MethodTimer - Method: getCourses took 0 min, 11 sec for: Earth Science
2019-04-30 13:06:35,191 [pool-1-thread-3] DEBUG com.wewritecode.miner.GoldMiner - Getting all courses from: Electrical Computer Engineering.
2019-04-30 13:06:35,227 [pool-1-thread-3] DEBUG com.wewritecode.miner.GoldMiner - Found 5 sessions for subject: Electrical Computer Engineering.
2019-04-30 13:06:37,077 [pool-1-thread-3] DEBUG com.wewritecode.miner.GoldMiner - Done getting courses for: Electrical Computer Engineering
2019-04-30 13:06:37,077 [pool-1-thread-3] INFO  com.wewritecode.util.MethodTimer - Method: getCourses took 0 min, 1 sec for: Electrical Computer Engineering
2019-04-30 13:06:38,466 [pool-1-thread-3] DEBUG com.wewritecode.miner.GoldMiner - Getting all courses from: Engineering Sciences.
2019-04-30 13:06:38,495 [pool-1-thread-3] DEBUG com.wewritecode.miner.GoldMiner - Found 6 sessions for subject: Engineering Sciences.
2019-04-30 13:06:40,335 [pool-1-thread-3] DEBUG com.wewritecode.miner.GoldMiner - Done getting courses for: Engineering Sciences
2019-04-30 13:06:40,335 [pool-1-thread-3] INFO  com.wewritecode.util.MethodTimer - Method: getCourses took 0 min, 1 sec for: Engineering Sciences
2019-04-30 13:06:42,161 [pool-1-thread-3] DEBUG com.wewritecode.miner.GoldMiner - Getting all courses from: English.
2019-04-30 13:06:42,205 [pool-1-thread-3] DEBUG com.wewritecode.miner.GoldMiner - Found 34 sessions for subject: English.
2019-04-30 13:06:51,214 [pool-1-thread-2] DEBUG com.wewritecode.miner.GoldMiner - Done getting courses for: Ecology, Evolution & Marine Biology
2019-04-30 13:06:51,216 [pool-1-thread-2] INFO  com.wewritecode.util.MethodTimer - Method: getCourses took 0 min, 26 sec for: Ecology, Evolution & Marine Biology
2019-04-30 13:06:52,892 [pool-1-thread-2] DEBUG com.wewritecode.miner.GoldMiner - Getting all courses from: Environmental Science & Management.
2019-04-30 13:06:52,921 [pool-1-thread-2] DEBUG com.wewritecode.miner.GoldMiner - Found 4 sessions for subject: Environmental Science & Management.
2019-04-30 13:06:54,444 [pool-1-thread-2] DEBUG com.wewritecode.miner.GoldMiner - Done getting courses for: Environmental Science & Management
2019-04-30 13:06:54,445 [pool-1-thread-2] INFO  com.wewritecode.util.MethodTimer - Method: getCourses took 0 min, 1 sec for: Environmental Science & Management
2019-04-30 13:06:56,444 [pool-1-thread-2] DEBUG com.wewritecode.miner.GoldMiner - Getting all courses from: Environmental Studies.
2019-04-30 13:06:56,486 [pool-1-thread-2] DEBUG com.wewritecode.miner.GoldMiner - Found 26 sessions for subject: Environmental Studies.
2019-04-30 13:06:56,972 [pool-1-thread-4] DEBUG com.wewritecode.miner.GoldMiner - Done getting courses for: Economics
2019-04-30 13:06:56,974 [pool-1-thread-4] INFO  com.wewritecode.util.MethodTimer - Method: getCourses took 0 min, 29 sec for: Economics
2019-04-30 13:06:58,716 [pool-1-thread-4] DEBUG com.wewritecode.miner.GoldMiner - Getting all courses from: Exercise & Sport Studies.
2019-04-30 13:06:58,749 [pool-1-thread-4] DEBUG com.wewritecode.miner.GoldMiner - Found 2 sessions for subject: Exercise & Sport Studies.
2019-04-30 13:06:59,243 [pool-1-thread-3] DEBUG com.wewritecode.miner.GoldMiner - Done getting courses for: English
2019-04-30 13:06:59,243 [pool-1-thread-3] INFO  com.wewritecode.util.MethodTimer - Method: getCourses took 0 min, 17 sec for: English
2019-04-30 13:06:59,395 [pool-1-thread-4] DEBUG com.wewritecode.miner.GoldMiner - Done getting courses for: Exercise & Sport Studies
2019-04-30 13:06:59,395 [pool-1-thread-4] INFO  com.wewritecode.util.MethodTimer - Method: getCourses took 0 min, 0 sec for: Exercise & Sport Studies
2019-04-30 13:07:01,155 [pool-1-thread-3] DEBUG com.wewritecode.miner.GoldMiner - Getting all courses from: Exercise Sport.
2019-04-30 13:07:01,619 [pool-1-thread-4] DEBUG com.wewritecode.miner.GoldMiner - Getting all courses from: Feminist Studies.
2019-04-30 13:07:01,686 [pool-1-thread-4] DEBUG com.wewritecode.miner.GoldMiner - Found 46 sessions for subject: Feminist Studies.
2019-04-30 13:07:03,422 [pool-1-thread-3] DEBUG com.wewritecode.miner.GoldMiner - Getting all courses from: Film and Media Studies.
2019-04-30 13:07:03,460 [pool-1-thread-3] DEBUG com.wewritecode.miner.GoldMiner - Found 53 sessions for subject: Film and Media Studies.
2019-04-30 13:07:08,330 [pool-1-thread-2] DEBUG com.wewritecode.miner.GoldMiner - Done getting courses for: Environmental Studies
2019-04-30 13:07:08,331 [pool-1-thread-2] INFO  com.wewritecode.util.MethodTimer - Method: getCourses took 0 min, 11 sec for: Environmental Studies
2019-04-30 13:07:09,824 [pool-1-thread-2] DEBUG com.wewritecode.miner.GoldMiner - Getting all courses from: French.
2019-04-30 13:07:09,856 [pool-1-thread-2] DEBUG com.wewritecode.miner.GoldMiner - Found 9 sessions for subject: French.
2019-04-30 13:07:13,303 [pool-1-thread-2] DEBUG com.wewritecode.miner.GoldMiner - Done getting courses for: French
2019-04-30 13:07:13,304 [pool-1-thread-2] INFO  com.wewritecode.util.MethodTimer - Method: getCourses took 0 min, 3 sec for: French
2019-04-30 13:07:13,923 [pool-1-thread-1] DEBUG com.wewritecode.miner.GoldMiner - Done getting courses for: Education
2019-04-30 13:07:13,923 [pool-1-thread-1] INFO  com.wewritecode.util.MethodTimer - Method: getCourses took 0 min, 44 sec for: Education
2019-04-30 13:07:15,345 [pool-1-thread-2] DEBUG com.wewritecode.miner.GoldMiner - Getting all courses from: General Studies (Creative Studies).
2019-04-30 13:07:15,408 [pool-1-thread-1] DEBUG com.wewritecode.miner.GoldMiner - Getting all courses from: General Studies (Creative Studies).
2019-04-30 13:07:17,092 [pool-1-thread-2] DEBUG com.wewritecode.miner.GoldMiner - Getting all courses from: Geography.
2019-04-30 13:07:17,143 [pool-1-thread-2] DEBUG com.wewritecode.miner.GoldMiner - Found 32 sessions for subject: Geography.
2019-04-30 13:07:17,285 [pool-1-thread-1] DEBUG com.wewritecode.miner.GoldMiner - Getting all courses from: German.
2019-04-30 13:07:17,317 [pool-1-thread-1] DEBUG com.wewritecode.miner.GoldMiner - Found 7 sessions for subject: German.
2019-04-30 13:07:20,038 [pool-1-thread-1] DEBUG com.wewritecode.miner.GoldMiner - Done getting courses for: German
2019-04-30 13:07:20,039 [pool-1-thread-1] INFO  com.wewritecode.util.MethodTimer - Method: getCourses took 0 min, 2 sec for: German
2019-04-30 13:07:21,470 [pool-1-thread-1] DEBUG com.wewritecode.miner.GoldMiner - Getting all courses from: Global Peace and Security.
2019-04-30 13:07:22,326 [pool-1-thread-4] DEBUG com.wewritecode.miner.GoldMiner - Done getting courses for: Feminist Studies
2019-04-30 13:07:22,327 [pool-1-thread-4] INFO  com.wewritecode.util.MethodTimer - Method: getCourses took 0 min, 20 sec for: Feminist Studies
2019-04-30 13:07:23,034 [pool-1-thread-1] DEBUG com.wewritecode.miner.GoldMiner - Getting all courses from: Global Studies.
2019-04-30 13:07:23,071 [pool-1-thread-1] DEBUG com.wewritecode.miner.GoldMiner - Found 16 sessions for subject: Global Studies.
