2019-05-13 23:38:34,094 [restartedMain] INFO  com.wewritecode.miner.GoldMineCLI - Beginning scraping program.
2019-05-13 23:38:34,096 [restartedMain] INFO  com.wewritecode.miner.GoldMineCLI - Beginning scraping FALL 2019
2019-05-13 23:38:34,096 [restartedMain] INFO  com.wewritecode.miner.GoldMineController - Starting multi-threaded scrape.
2019-05-13 23:38:34,844 [restartedMain] INFO  com.wewritecode.miner.GoldMineController - Creating 4 available threads.
2019-05-13 23:38:36,225 [restartedMain] DEBUG com.wewritecode.miner.GoldMineController - Creating new task for: Anthropology - ANTH.
2019-05-13 23:38:36,227 [restartedMain] DEBUG com.wewritecode.miner.GoldMineController - Creating new task for: Art - ART.
2019-05-13 23:38:36,227 [restartedMain] DEBUG com.wewritecode.miner.GoldMineController - Creating new task for: Art (Creative Studies) - ART CS.
2019-05-13 23:38:36,228 [restartedMain] DEBUG com.wewritecode.miner.GoldMineController - Creating new task for: Art History - ARTHI.
2019-05-13 23:38:36,229 [restartedMain] DEBUG com.wewritecode.miner.GoldMineController - Creating new task for: Art Studio - ARTST.
2019-05-13 23:38:36,229 [restartedMain] DEBUG com.wewritecode.miner.GoldMineController - Creating new task for: Asian American Studies - AS AM.
2019-05-13 23:38:36,230 [restartedMain] DEBUG com.wewritecode.miner.GoldMineController - Creating new task for: Astronomy - ASTRO.
2019-05-13 23:38:36,230 [restartedMain] DEBUG com.wewritecode.miner.GoldMineController - Creating new task for: Biology - BIOL.
2019-05-13 23:38:36,230 [restartedMain] DEBUG com.wewritecode.miner.GoldMineController - Creating new task for: Biology (Creative Studies) - BIOL CS.
2019-05-13 23:38:36,230 [restartedMain] DEBUG com.wewritecode.miner.GoldMineController - Creating new task for: Biomolecular Science and Engineering - BMSE.
2019-05-13 23:38:36,230 [restartedMain] DEBUG com.wewritecode.miner.GoldMineController - Creating new task for: Black Studies - BL ST.
2019-05-13 23:38:36,230 [restartedMain] DEBUG com.wewritecode.miner.GoldMineController - Creating new task for: Chemical Engineering - CH E.
2019-05-13 23:38:36,230 [restartedMain] DEBUG com.wewritecode.miner.GoldMineController - Creating new task for: Chemistry (Creative Studies) - CHEM CS.
2019-05-13 23:38:36,230 [restartedMain] DEBUG com.wewritecode.miner.GoldMineController - Creating new task for: Chemistry and Biochemistry - CHEM.
2019-05-13 23:38:36,231 [restartedMain] DEBUG com.wewritecode.miner.GoldMineController - Creating new task for: Chicano Studies - CH ST.
2019-05-13 23:38:36,231 [restartedMain] DEBUG com.wewritecode.miner.GoldMineController - Creating new task for: Chinese - CHIN.
2019-05-13 23:38:36,231 [restartedMain] DEBUG com.wewritecode.miner.GoldMineController - Creating new task for: Classics - CLASS.
2019-05-13 23:38:36,231 [restartedMain] DEBUG com.wewritecode.miner.GoldMineController - Creating new task for: Communication - COMM.
2019-05-13 23:38:36,231 [restartedMain] DEBUG com.wewritecode.miner.GoldMineController - Creating new task for: Comparative Literature - C LIT.
2019-05-13 23:38:36,231 [restartedMain] DEBUG com.wewritecode.miner.GoldMineController - Creating new task for: Computer Science - CMPSC.
2019-05-13 23:38:36,231 [restartedMain] DEBUG com.wewritecode.miner.GoldMineController - Creating new task for: Computer Science (Creative Studies) - CMPSCCS.
2019-05-13 23:38:36,232 [restartedMain] DEBUG com.wewritecode.miner.GoldMineController - Creating new task for: Computing (Creative Studies) - CMPTG.
2019-05-13 23:38:36,232 [restartedMain] DEBUG com.wewritecode.miner.GoldMineController - Creating new task for: Computing (Creative Studies) - CMPTGCS.
2019-05-13 23:38:36,232 [restartedMain] DEBUG com.wewritecode.miner.GoldMineController - Creating new task for: Counseling, Clinical, School Psychology - CNCSP.
2019-05-13 23:38:36,233 [restartedMain] DEBUG com.wewritecode.miner.GoldMineController - Creating new task for: Dance - DANCE.
2019-05-13 23:38:36,233 [restartedMain] DEBUG com.wewritecode.miner.GoldMineController - Creating new task for: Dynamical Neuroscience - DYNS.
2019-05-13 23:38:36,233 [restartedMain] DEBUG com.wewritecode.miner.GoldMineController - Creating new task for: Earth Science - EARTH.
2019-05-13 23:38:36,233 [restartedMain] DEBUG com.wewritecode.miner.GoldMineController - Creating new task for: East Asian Cultural Studies - EACS.
2019-05-13 23:38:36,233 [restartedMain] DEBUG com.wewritecode.miner.GoldMineController - Creating new task for: Ecology, Evolution & Marine Biology - EEMB.
2019-05-13 23:38:36,233 [restartedMain] DEBUG com.wewritecode.miner.GoldMineController - Creating new task for: Economics - ECON.
2019-05-13 23:38:36,233 [restartedMain] DEBUG com.wewritecode.miner.GoldMineController - Creating new task for: Education - ED.
2019-05-13 23:38:36,233 [restartedMain] DEBUG com.wewritecode.miner.GoldMineController - Creating new task for: Electrical Computer Engineering - ECE.
2019-05-13 23:38:36,234 [restartedMain] DEBUG com.wewritecode.miner.GoldMineController - Creating new task for: Engineering Sciences - ENGR.
2019-05-13 23:38:36,234 [restartedMain] DEBUG com.wewritecode.miner.GoldMineController - Creating new task for: English - ENGL.
2019-05-13 23:38:36,234 [restartedMain] DEBUG com.wewritecode.miner.GoldMineController - Creating new task for: Environmental Science & Management - ESM.
2019-05-13 23:38:36,234 [restartedMain] DEBUG com.wewritecode.miner.GoldMineController - Creating new task for: Environmental Studies - ENV S.
2019-05-13 23:38:36,234 [restartedMain] DEBUG com.wewritecode.miner.GoldMineController - Creating new task for: Exercise & Sport Studies - ESS.
2019-05-13 23:38:36,234 [restartedMain] DEBUG com.wewritecode.miner.GoldMineController - Creating new task for: Exercise Sport - ES.
2019-05-13 23:38:36,234 [restartedMain] DEBUG com.wewritecode.miner.GoldMineController - Creating new task for: Feminist Studies - FEMST.
2019-05-13 23:38:36,234 [restartedMain] DEBUG com.wewritecode.miner.GoldMineController - Creating new task for: Film and Media Studies - FAMST.
2019-05-13 23:38:36,234 [restartedMain] DEBUG com.wewritecode.miner.GoldMineController - Creating new task for: French - FR.
2019-05-13 23:38:36,234 [restartedMain] DEBUG com.wewritecode.miner.GoldMineController - Creating new task for: General Studies (Creative Studies) - GEN S.
2019-05-13 23:38:36,234 [restartedMain] DEBUG com.wewritecode.miner.GoldMineController - Creating new task for: General Studies (Creative Studies) - GEN SCS.
2019-05-13 23:38:36,235 [restartedMain] DEBUG com.wewritecode.miner.GoldMineController - Creating new task for: Geography - GEOG.
2019-05-13 23:38:36,235 [restartedMain] DEBUG com.wewritecode.miner.GoldMineController - Creating new task for: German - GER.
2019-05-13 23:38:36,235 [restartedMain] DEBUG com.wewritecode.miner.GoldMineController - Creating new task for: Global Peace and Security - GPS.
2019-05-13 23:38:36,235 [restartedMain] DEBUG com.wewritecode.miner.GoldMineController - Creating new task for: Global Studies - GLOBL.
2019-05-13 23:38:36,235 [restartedMain] DEBUG com.wewritecode.miner.GoldMineController - Creating new task for: Graduate Division - GRAD.
2019-05-13 23:38:36,236 [restartedMain] DEBUG com.wewritecode.miner.GoldMineController - Creating new task for: Greek - GREEK.
2019-05-13 23:38:36,236 [restartedMain] DEBUG com.wewritecode.miner.GoldMineController - Creating new task for: Hebrew - HEB.
2019-05-13 23:38:36,236 [restartedMain] DEBUG com.wewritecode.miner.GoldMineController - Creating new task for: History - HIST.
2019-05-13 23:38:36,236 [restartedMain] DEBUG com.wewritecode.miner.GoldMineController - Creating new task for: Interdisciplinary - INT.
2019-05-13 23:38:36,236 [restartedMain] DEBUG com.wewritecode.miner.GoldMineController - Creating new task for: Interdisciplinary (Creative Studies) - INT CS.
2019-05-13 23:38:36,236 [restartedMain] DEBUG com.wewritecode.miner.GoldMineController - Creating new task for: Italian - ITAL.
2019-05-13 23:38:36,236 [restartedMain] DEBUG com.wewritecode.miner.GoldMineController - Creating new task for: Japanese - JAPAN.
2019-05-13 23:38:36,236 [restartedMain] DEBUG com.wewritecode.miner.GoldMineController - Creating new task for: Korean - KOR.
2019-05-13 23:38:36,236 [restartedMain] DEBUG com.wewritecode.miner.GoldMineController - Creating new task for: Latin - LATIN.
2019-05-13 23:38:36,236 [restartedMain] DEBUG com.wewritecode.miner.GoldMineController - Creating new task for: Latin American and Iberian Studies - LAIS.
2019-05-13 23:38:36,236 [restartedMain] DEBUG com.wewritecode.miner.GoldMineController - Creating new task for: Linguistics - LING.
2019-05-13 23:38:36,236 [restartedMain] DEBUG com.wewritecode.miner.GoldMineController - Creating new task for: Literature (Creative Studies) - LIT.
2019-05-13 23:38:36,236 [restartedMain] DEBUG com.wewritecode.miner.GoldMineController - Creating new task for: Literature (Creative Studies) - LIT CS.
2019-05-13 23:38:36,236 [restartedMain] DEBUG com.wewritecode.miner.GoldMineController - Creating new task for: Marine Science - MARSC.
2019-05-13 23:38:36,236 [restartedMain] DEBUG com.wewritecode.miner.GoldMineController - Creating new task for: Materials - MATRL.
2019-05-13 23:38:36,237 [restartedMain] DEBUG com.wewritecode.miner.GoldMineController - Creating new task for: Mathematics - MATH.
2019-05-13 23:38:36,237 [restartedMain] DEBUG com.wewritecode.miner.GoldMineController - Creating new task for: Mathematics (Creative Studies) - MATH CS.
2019-05-13 23:38:36,237 [restartedMain] DEBUG com.wewritecode.miner.GoldMineController - Creating new task for: Mechanical Engineering - ME.
2019-05-13 23:38:36,237 [restartedMain] DEBUG com.wewritecode.miner.GoldMineController - Creating new task for: Media Arts and Technology - MAT.
2019-05-13 23:38:36,237 [restartedMain] DEBUG com.wewritecode.miner.GoldMineController - Creating new task for: Medieval Studies - ME ST.
2019-05-13 23:38:36,237 [restartedMain] DEBUG com.wewritecode.miner.GoldMineController - Creating new task for: Middle East Studies - MES.
2019-05-13 23:38:36,237 [restartedMain] DEBUG com.wewritecode.miner.GoldMineController - Creating new task for: Military Science - MS.
2019-05-13 23:38:36,237 [restartedMain] DEBUG com.wewritecode.miner.GoldMineController - Creating new task for: Molecular, Cellular & Develop. Biology - MCDB.
2019-05-13 23:38:36,237 [restartedMain] DEBUG com.wewritecode.miner.GoldMineController - Creating new task for: Music - MUS.
2019-05-13 23:38:36,237 [restartedMain] DEBUG com.wewritecode.miner.GoldMineController - Creating new task for: Music (Creative Studies) - MUS CS.
2019-05-13 23:38:36,237 [restartedMain] DEBUG com.wewritecode.miner.GoldMineController - Creating new task for: Music Performance Laboratories - MUS A.
2019-05-13 23:38:36,237 [restartedMain] DEBUG com.wewritecode.miner.GoldMineController - Creating new task for: Philosophy - PHIL.
2019-05-13 23:38:36,237 [restartedMain] DEBUG com.wewritecode.miner.GoldMineController - Creating new task for: Physics - PHYS.
2019-05-13 23:38:36,237 [restartedMain] DEBUG com.wewritecode.miner.GoldMineController - Creating new task for: Physics (Creative Studies) - PHYS CS.
2019-05-13 23:38:36,237 [restartedMain] DEBUG com.wewritecode.miner.GoldMineController - Creating new task for: Political Science - POL S.
2019-05-13 23:38:36,237 [restartedMain] DEBUG com.wewritecode.miner.GoldMineController - Creating new task for: Portuguese - PORT.
2019-05-13 23:38:36,237 [restartedMain] DEBUG com.wewritecode.miner.GoldMineController - Creating new task for: Psychology - PSY.
2019-05-13 23:38:36,238 [restartedMain] DEBUG com.wewritecode.miner.GoldMineController - Creating new task for: Religious Studies - RG ST.
2019-05-13 23:38:36,238 [restartedMain] DEBUG com.wewritecode.miner.GoldMineController - Creating new task for: Renaissance Studies - RENST.
2019-05-13 23:38:36,238 [restartedMain] DEBUG com.wewritecode.miner.GoldMineController - Creating new task for: Slavic - SLAV.
2019-05-13 23:38:36,238 [restartedMain] DEBUG com.wewritecode.miner.GoldMineController - Creating new task for: Sociology - SOC.
2019-05-13 23:38:36,238 [restartedMain] DEBUG com.wewritecode.miner.GoldMineController - Creating new task for: Spanish - SPAN.
2019-05-13 23:38:36,238 [restartedMain] DEBUG com.wewritecode.miner.GoldMineController - Creating new task for: Speech & Hearing Sciences - SHS.
2019-05-13 23:38:36,238 [restartedMain] DEBUG com.wewritecode.miner.GoldMineController - Creating new task for: Statistics & Applied Probability - PSTAT.
2019-05-13 23:38:36,238 [restartedMain] DEBUG com.wewritecode.miner.GoldMineController - Creating new task for: Technology Management - TMP.
2019-05-13 23:38:36,238 [restartedMain] DEBUG com.wewritecode.miner.GoldMineController - Creating new task for: Theater - THTR.
2019-05-13 23:38:36,238 [restartedMain] DEBUG com.wewritecode.miner.GoldMineController - Creating new task for: Writing - WRIT.
2019-05-13 23:38:36,238 [restartedMain] DEBUG com.wewritecode.miner.GoldMineController - Creating new task for: Writing & Literature (Creative Studies) - W&L.
2019-05-13 23:38:36,238 [restartedMain] DEBUG com.wewritecode.miner.GoldMineController - Creating new task for: Writing & Literature (Creative Studies) - W&L CS.
2019-05-13 23:38:38,572 [pool-1-thread-3] DEBUG com.wewritecode.miner.GoldMiner - Getting all courses from: Art (Creative Studies).
2019-05-13 23:38:38,620 [pool-1-thread-3] DEBUG com.wewritecode.miner.GoldMiner - Found 4 sessions for subject: Art (Creative Studies).
2019-05-13 23:38:38,741 [pool-1-thread-1] DEBUG com.wewritecode.miner.GoldMiner - Getting all courses from: Anthropology.
2019-05-13 23:38:38,750 [pool-1-thread-2] DEBUG com.wewritecode.miner.GoldMiner - Getting all courses from: Art.
2019-05-13 23:38:38,797 [pool-1-thread-1] DEBUG com.wewritecode.miner.GoldMiner - Found 61 sessions for subject: Anthropology.
2019-05-13 23:38:38,802 [pool-1-thread-2] DEBUG com.wewritecode.miner.GoldMiner - Found 40 sessions for subject: Art.
2019-05-13 23:38:38,856 [pool-1-thread-4] DEBUG com.wewritecode.miner.GoldMiner - Getting all courses from: Art History.
2019-05-13 23:38:38,932 [pool-1-thread-4] DEBUG com.wewritecode.miner.GoldMiner - Found 62 sessions for subject: Art History.
2019-05-13 23:38:40,391 [pool-1-thread-3] DEBUG com.wewritecode.miner.GoldMiner - Done getting courses for: Art (Creative Studies)
2019-05-13 23:38:40,393 [pool-1-thread-3] INFO  com.wewritecode.util.MethodTimer - Method: getCourses took 0 min, 1 sec for: Art (Creative Studies)
2019-05-13 23:38:42,451 [pool-1-thread-3] DEBUG com.wewritecode.miner.GoldMiner - Getting all courses from: Art Studio.
2019-05-13 23:38:44,324 [pool-1-thread-3] DEBUG com.wewritecode.miner.GoldMiner - Getting all courses from: Asian American Studies.
2019-05-13 23:38:44,373 [pool-1-thread-3] DEBUG com.wewritecode.miner.GoldMiner - Found 47 sessions for subject: Asian American Studies.
2019-05-13 23:39:02,713 [pool-1-thread-2] DEBUG com.wewritecode.miner.GoldMiner - Done getting courses for: Art
2019-05-13 23:39:02,715 [pool-1-thread-2] INFO  com.wewritecode.util.MethodTimer - Method: getCourses took 0 min, 23 sec for: Art
2019-05-13 23:39:05,080 [pool-1-thread-2] DEBUG com.wewritecode.miner.GoldMiner - Getting all courses from: Astronomy.
2019-05-13 23:39:05,111 [pool-1-thread-2] DEBUG com.wewritecode.miner.GoldMiner - Found 8 sessions for subject: Astronomy.
2019-05-13 23:39:06,748 [pool-1-thread-3] DEBUG com.wewritecode.miner.GoldMiner - Done getting courses for: Asian American Studies
2019-05-13 23:39:06,748 [pool-1-thread-3] INFO  com.wewritecode.util.MethodTimer - Method: getCourses took 0 min, 22 sec for: Asian American Studies
2019-05-13 23:39:07,409 [pool-1-thread-2] DEBUG com.wewritecode.miner.GoldMiner - Done getting courses for: Astronomy
2019-05-13 23:39:07,409 [pool-1-thread-2] INFO  com.wewritecode.util.MethodTimer - Method: getCourses took 0 min, 2 sec for: Astronomy
2019-05-13 23:39:08,495 [pool-1-thread-3] DEBUG com.wewritecode.miner.GoldMiner - Getting all courses from: Biology.
2019-05-13 23:39:08,523 [pool-1-thread-3] DEBUG com.wewritecode.miner.GoldMiner - Found 3 sessions for subject: Biology.
2019-05-13 23:39:09,275 [pool-1-thread-2] DEBUG com.wewritecode.miner.GoldMiner - Getting all courses from: Biology (Creative Studies).
2019-05-13 23:39:09,304 [pool-1-thread-2] DEBUG com.wewritecode.miner.GoldMiner - Found 3 sessions for subject: Biology (Creative Studies).
2019-05-13 23:39:09,675 [pool-1-thread-3] DEBUG com.wewritecode.miner.GoldMiner - Done getting courses for: Biology
2019-05-13 23:39:09,675 [pool-1-thread-3] INFO  com.wewritecode.util.MethodTimer - Method: getCourses took 0 min, 1 sec for: Biology
2019-05-13 23:39:10,581 [pool-1-thread-2] DEBUG com.wewritecode.miner.GoldMiner - Done getting courses for: Biology (Creative Studies)
2019-05-13 23:39:10,582 [pool-1-thread-2] INFO  com.wewritecode.util.MethodTimer - Method: getCourses took 0 min, 1 sec for: Biology (Creative Studies)
2019-05-13 23:39:12,243 [pool-1-thread-3] DEBUG com.wewritecode.miner.GoldMiner - Getting all courses from: Biomolecular Science and Engineering.
2019-05-13 23:39:12,275 [pool-1-thread-3] DEBUG com.wewritecode.miner.GoldMiner - Found 18 sessions for subject: Biomolecular Science and Engineering.
2019-05-13 23:39:12,409 [pool-1-thread-2] DEBUG com.wewritecode.miner.GoldMiner - Getting all courses from: Black Studies.
2019-05-13 23:39:12,469 [pool-1-thread-2] DEBUG com.wewritecode.miner.GoldMiner - Found 39 sessions for subject: Black Studies.
2019-05-13 23:39:15,451 [pool-1-thread-1] DEBUG com.wewritecode.miner.GoldMiner - Done getting courses for: Anthropology
2019-05-13 23:39:15,451 [pool-1-thread-1] INFO  com.wewritecode.util.MethodTimer - Method: getCourses took 0 min, 36 sec for: Anthropology
2019-05-13 23:39:15,526 [restartedMain] DEBUG com.wewritecode.miner.GoldMineController - Scraped ANTH courses.
2019-05-13 23:39:15,527 [restartedMain] DEBUG com.wewritecode.miner.GoldMineController - Scraped ART courses.
2019-05-13 23:39:15,527 [restartedMain] DEBUG com.wewritecode.miner.GoldMineController - Scraped ART CS courses.
2019-05-13 23:39:17,361 [pool-1-thread-4] DEBUG com.wewritecode.miner.GoldMiner - Done getting courses for: Art History
2019-05-13 23:39:17,361 [pool-1-thread-4] INFO  com.wewritecode.util.MethodTimer - Method: getCourses took 0 min, 38 sec for: Art History
2019-05-13 23:39:17,408 [pool-1-thread-1] DEBUG com.wewritecode.miner.GoldMiner - Getting all courses from: Chemical Engineering.
2019-05-13 23:39:17,430 [restartedMain] DEBUG com.wewritecode.miner.GoldMineController - Scraped ARTHI courses.
2019-05-13 23:39:17,431 [restartedMain] DEBUG com.wewritecode.miner.GoldMineController - Scraped ARTST courses.
2019-05-13 23:39:17,431 [restartedMain] DEBUG com.wewritecode.miner.GoldMineController - Scraped AS AM courses.
2019-05-13 23:39:17,431 [restartedMain] DEBUG com.wewritecode.miner.GoldMineController - Scraped ASTRO courses.
2019-05-13 23:39:17,431 [restartedMain] DEBUG com.wewritecode.miner.GoldMineController - Scraped BIOL courses.
2019-05-13 23:39:17,431 [restartedMain] DEBUG com.wewritecode.miner.GoldMineController - Scraped BIOL CS courses.
2019-05-13 23:39:17,456 [pool-1-thread-1] DEBUG com.wewritecode.miner.GoldMiner - Found 39 sessions for subject: Chemical Engineering.
2019-05-13 23:39:20,129 [pool-1-thread-4] DEBUG com.wewritecode.miner.GoldMiner - Getting all courses from: Chemistry (Creative Studies).
2019-05-13 23:39:20,156 [pool-1-thread-4] DEBUG com.wewritecode.miner.GoldMiner - Found 1 sessions for subject: Chemistry (Creative Studies).
2019-05-13 23:39:20,527 [pool-1-thread-4] DEBUG com.wewritecode.miner.GoldMiner - Done getting courses for: Chemistry (Creative Studies)
2019-05-13 23:39:20,527 [pool-1-thread-4] INFO  com.wewritecode.util.MethodTimer - Method: getCourses took 0 min, 0 sec for: Chemistry (Creative Studies)
2019-05-13 23:39:20,699 [pool-1-thread-3] DEBUG com.wewritecode.miner.GoldMiner - Done getting courses for: Biomolecular Science and Engineering
2019-05-13 23:39:20,699 [pool-1-thread-3] INFO  com.wewritecode.util.MethodTimer - Method: getCourses took 0 min, 8 sec for: Biomolecular Science and Engineering
2019-05-13 23:39:20,782 [restartedMain] DEBUG com.wewritecode.miner.GoldMineController - Scraped BMSE courses.
2019-05-13 23:39:22,759 [pool-1-thread-3] DEBUG com.wewritecode.miner.GoldMiner - Getting all courses from: Chicano Studies.
2019-05-13 23:39:22,793 [pool-1-thread-3] DEBUG com.wewritecode.miner.GoldMiner - Found 37 sessions for subject: Chicano Studies.
2019-05-13 23:39:23,938 [pool-1-thread-4] DEBUG com.wewritecode.miner.GoldMiner - Getting all courses from: Chemistry and Biochemistry.
2019-05-13 23:39:24,038 [pool-1-thread-4] DEBUG com.wewritecode.miner.GoldMiner - Found 224 sessions for subject: Chemistry and Biochemistry.
2019-05-13 23:39:31,178 [pool-1-thread-2] DEBUG com.wewritecode.miner.GoldMiner - Done getting courses for: Black Studies
2019-05-13 23:39:31,178 [pool-1-thread-2] INFO  com.wewritecode.util.MethodTimer - Method: getCourses took 0 min, 18 sec for: Black Studies
2019-05-13 23:39:31,248 [restartedMain] DEBUG com.wewritecode.miner.GoldMineController - Scraped BL ST courses.
2019-05-13 23:39:33,659 [pool-1-thread-2] DEBUG com.wewritecode.miner.GoldMiner - Getting all courses from: Chinese.
2019-05-13 23:39:33,694 [pool-1-thread-2] DEBUG com.wewritecode.miner.GoldMiner - Found 33 sessions for subject: Chinese.
2019-05-13 23:39:37,345 [pool-1-thread-3] DEBUG com.wewritecode.miner.GoldMiner - Done getting courses for: Chicano Studies
2019-05-13 23:39:37,346 [pool-1-thread-3] INFO  com.wewritecode.util.MethodTimer - Method: getCourses took 0 min, 14 sec for: Chicano Studies
2019-05-13 23:39:37,489 [pool-1-thread-1] DEBUG com.wewritecode.miner.GoldMiner - Done getting courses for: Chemical Engineering
2019-05-13 23:39:37,489 [pool-1-thread-1] INFO  com.wewritecode.util.MethodTimer - Method: getCourses took 0 min, 20 sec for: Chemical Engineering
2019-05-13 23:39:37,559 [restartedMain] DEBUG com.wewritecode.miner.GoldMineController - Scraped CH E courses.
2019-05-13 23:39:37,559 [restartedMain] DEBUG com.wewritecode.miner.GoldMineController - Scraped CHEM CS courses.
2019-05-13 23:39:39,589 [pool-1-thread-3] DEBUG com.wewritecode.miner.GoldMiner - Getting all courses from: Classics.
2019-05-13 23:39:39,639 [pool-1-thread-3] DEBUG com.wewritecode.miner.GoldMiner - Found 43 sessions for subject: Classics.
2019-05-13 23:39:39,780 [pool-1-thread-1] DEBUG com.wewritecode.miner.GoldMiner - Getting all courses from: Communication.
2019-05-13 23:39:39,847 [pool-1-thread-1] DEBUG com.wewritecode.miner.GoldMiner - Found 95 sessions for subject: Communication.
2019-05-13 23:39:39,865 [pool-1-thread-3] ERROR com.wewritecode.miner.GoldMiner - Error thrown at subject area: Classics
2019-05-13 23:39:41,940 [pool-1-thread-3] DEBUG com.wewritecode.miner.GoldMiner - Getting all courses from: Comparative Literature.
2019-05-13 23:39:41,986 [pool-1-thread-3] DEBUG com.wewritecode.miner.GoldMiner - Found 55 sessions for subject: Comparative Literature.
2019-05-13 23:39:49,177 [pool-1-thread-2] DEBUG com.wewritecode.miner.GoldMiner - Done getting courses for: Chinese
2019-05-13 23:39:49,179 [pool-1-thread-2] INFO  com.wewritecode.util.MethodTimer - Method: getCourses took 0 min, 15 sec for: Chinese
2019-05-13 23:39:51,421 [pool-1-thread-2] DEBUG com.wewritecode.miner.GoldMiner - Getting all courses from: Computer Science.
2019-05-13 23:39:51,474 [pool-1-thread-2] DEBUG com.wewritecode.miner.GoldMiner - Found 98 sessions for subject: Computer Science.
2019-05-13 23:40:09,099 [pool-1-thread-3] DEBUG com.wewritecode.miner.GoldMiner - Done getting courses for: Comparative Literature
2019-05-13 23:40:09,100 [pool-1-thread-3] INFO  com.wewritecode.util.MethodTimer - Method: getCourses took 0 min, 27 sec for: Comparative Literature
2019-05-13 23:40:10,708 [pool-1-thread-3] DEBUG com.wewritecode.miner.GoldMiner - Getting all courses from: Computer Science (Creative Studies).
2019-05-13 23:40:12,355 [pool-1-thread-3] DEBUG com.wewritecode.miner.GoldMiner - Getting all courses from: Computing (Creative Studies).
2019-05-13 23:40:12,383 [pool-1-thread-3] DEBUG com.wewritecode.miner.GoldMiner - Found 3 sessions for subject: Computing (Creative Studies).
2019-05-13 23:40:13,470 [pool-1-thread-3] DEBUG com.wewritecode.miner.GoldMiner - Done getting courses for: Computing (Creative Studies)
2019-05-13 23:40:13,471 [pool-1-thread-3] INFO  com.wewritecode.util.MethodTimer - Method: getCourses took 0 min, 1 sec for: Computing (Creative Studies)
2019-05-13 23:40:14,939 [pool-1-thread-3] DEBUG com.wewritecode.miner.GoldMiner - Getting all courses from: Computing (Creative Studies).
2019-05-13 23:40:14,967 [pool-1-thread-3] DEBUG com.wewritecode.miner.GoldMiner - Found 3 sessions for subject: Computing (Creative Studies).
2019-05-13 23:40:16,044 [pool-1-thread-3] DEBUG com.wewritecode.miner.GoldMiner - Done getting courses for: Computing (Creative Studies)
2019-05-13 23:40:16,045 [pool-1-thread-3] INFO  com.wewritecode.util.MethodTimer - Method: getCourses took 0 min, 1 sec for: Computing (Creative Studies)
2019-05-13 23:40:17,767 [pool-1-thread-3] DEBUG com.wewritecode.miner.GoldMiner - Getting all courses from: Counseling, Clinical, School Psychology.
2019-05-13 23:40:17,804 [pool-1-thread-3] DEBUG com.wewritecode.miner.GoldMiner - Found 56 sessions for subject: Counseling, Clinical, School Psychology.
2019-05-13 23:40:36,357 [pool-1-thread-1] DEBUG com.wewritecode.miner.GoldMiner - Done getting courses for: Communication
2019-05-13 23:40:36,358 [pool-1-thread-1] INFO  com.wewritecode.util.MethodTimer - Method: getCourses took 0 min, 56 sec for: Communication
2019-05-13 23:40:38,265 [pool-1-thread-1] DEBUG com.wewritecode.miner.GoldMiner - Getting all courses from: Dance.
2019-05-13 23:40:38,307 [pool-1-thread-1] DEBUG com.wewritecode.miner.GoldMiner - Found 35 sessions for subject: Dance.
2019-05-13 23:40:46,634 [pool-1-thread-3] DEBUG com.wewritecode.miner.GoldMiner - Done getting courses for: Counseling, Clinical, School Psychology
2019-05-13 23:40:46,638 [pool-1-thread-3] INFO  com.wewritecode.util.MethodTimer - Method: getCourses took 0 min, 28 sec for: Counseling, Clinical, School Psychology
2019-05-13 23:40:48,303 [pool-1-thread-3] DEBUG com.wewritecode.miner.GoldMiner - Getting all courses from: Dynamical Neuroscience.
2019-05-13 23:40:48,332 [pool-1-thread-3] DEBUG com.wewritecode.miner.GoldMiner - Found 3 sessions for subject: Dynamical Neuroscience.
2019-05-13 23:40:49,444 [pool-1-thread-3] DEBUG com.wewritecode.miner.GoldMiner - Done getting courses for: Dynamical Neuroscience
2019-05-13 23:40:49,444 [pool-1-thread-3] INFO  com.wewritecode.util.MethodTimer - Method: getCourses took 0 min, 1 sec for: Dynamical Neuroscience
2019-05-13 23:40:51,624 [pool-1-thread-3] DEBUG com.wewritecode.miner.GoldMiner - Getting all courses from: Earth Science.
2019-05-13 23:40:51,690 [pool-1-thread-3] DEBUG com.wewritecode.miner.GoldMiner - Found 120 sessions for subject: Earth Science.
2019-05-13 23:40:54,925 [pool-1-thread-1] DEBUG com.wewritecode.miner.GoldMiner - Done getting courses for: Dance
2019-05-13 23:40:54,926 [pool-1-thread-1] INFO  com.wewritecode.util.MethodTimer - Method: getCourses took 0 min, 16 sec for: Dance
2019-05-13 23:40:56,647 [pool-1-thread-1] DEBUG com.wewritecode.miner.GoldMiner - Getting all courses from: East Asian Cultural Studies.
2019-05-13 23:40:56,681 [pool-1-thread-1] DEBUG com.wewritecode.miner.GoldMiner - Found 27 sessions for subject: East Asian Cultural Studies.
2019-05-13 23:40:57,594 [pool-1-thread-2] DEBUG com.wewritecode.miner.GoldMiner - Done getting courses for: Computer Science
2019-05-13 23:40:57,595 [pool-1-thread-2] INFO  com.wewritecode.util.MethodTimer - Method: getCourses took 1 min, 6 sec for: Computer Science
2019-05-13 23:41:00,270 [pool-1-thread-2] DEBUG com.wewritecode.miner.GoldMiner - Getting all courses from: Ecology, Evolution & Marine Biology.
2019-05-13 23:41:00,332 [pool-1-thread-2] DEBUG com.wewritecode.miner.GoldMiner - Found 154 sessions for subject: Ecology, Evolution & Marine Biology.
2019-05-13 23:41:05,651 [pool-1-thread-1] DEBUG com.wewritecode.miner.GoldMiner - Done getting courses for: East Asian Cultural Studies
2019-05-13 23:41:05,651 [pool-1-thread-1] INFO  com.wewritecode.util.MethodTimer - Method: getCourses took 0 min, 9 sec for: East Asian Cultural Studies
2019-05-13 23:41:08,123 [pool-1-thread-1] DEBUG com.wewritecode.miner.GoldMiner - Getting all courses from: Economics.
2019-05-13 23:41:08,192 [pool-1-thread-1] DEBUG com.wewritecode.miner.GoldMiner - Found 207 sessions for subject: Economics.
2019-05-13 23:42:16,557 [pool-1-thread-3] DEBUG com.wewritecode.miner.GoldMiner - Done getting courses for: Earth Science
2019-05-13 23:42:16,558 [pool-1-thread-3] INFO  com.wewritecode.util.MethodTimer - Method: getCourses took 1 min, 24 sec for: Earth Science
2019-05-13 23:42:18,589 [pool-1-thread-3] DEBUG com.wewritecode.miner.GoldMiner - Getting all courses from: Education.
2019-05-13 23:42:18,636 [pool-1-thread-3] DEBUG com.wewritecode.miner.GoldMiner - Found 115 sessions for subject: Education.
2019-05-13 23:43:08,146 [pool-1-thread-2] DEBUG com.wewritecode.miner.GoldMiner - Done getting courses for: Ecology, Evolution & Marine Biology
2019-05-13 23:43:08,147 [pool-1-thread-2] INFO  com.wewritecode.util.MethodTimer - Method: getCourses took 2 min, 7 sec for: Ecology, Evolution & Marine Biology
2019-05-13 23:43:10,315 [pool-1-thread-2] DEBUG com.wewritecode.miner.GoldMiner - Getting all courses from: Electrical Computer Engineering.
2019-05-13 23:43:10,371 [pool-1-thread-2] DEBUG com.wewritecode.miner.GoldMiner - Found 116 sessions for subject: Electrical Computer Engineering.
2019-05-13 23:43:40,499 [pool-1-thread-4] DEBUG com.wewritecode.miner.GoldMiner - Done getting courses for: Chemistry and Biochemistry
2019-05-13 23:43:40,504 [pool-1-thread-4] INFO  com.wewritecode.util.MethodTimer - Method: getCourses took 4 min, 16 sec for: Chemistry and Biochemistry
2019-05-13 23:43:40,582 [restartedMain] DEBUG com.wewritecode.miner.GoldMineController - Scraped CHEM courses.
2019-05-13 23:43:40,582 [restartedMain] DEBUG com.wewritecode.miner.GoldMineController - Scraped CH ST courses.
2019-05-13 23:43:40,582 [restartedMain] DEBUG com.wewritecode.miner.GoldMineController - Scraped CHIN courses.
2019-05-13 23:43:40,583 [restartedMain] ERROR Application - Exception thrown in main GoldMineCLI Application
2019-05-13 23:43:40,583 [restartedMain] ERROR Application - org.json.JSONException: JSONObject["courseID"] not found.
2019-05-13 23:43:42,197 [pool-1-thread-4] DEBUG com.wewritecode.miner.GoldMiner - Getting all courses from: Engineering Sciences.
2019-05-13 23:43:42,228 [pool-1-thread-4] DEBUG com.wewritecode.miner.GoldMiner - Found 13 sessions for subject: Engineering Sciences.
2019-05-13 23:43:43,010 [pool-1-thread-3] DEBUG com.wewritecode.miner.GoldMiner - Done getting courses for: Education
2019-05-13 23:43:43,010 [pool-1-thread-3] INFO  com.wewritecode.util.MethodTimer - Method: getCourses took 1 min, 24 sec for: Education
2019-05-13 23:43:45,264 [pool-1-thread-3] DEBUG com.wewritecode.miner.GoldMiner - Getting all courses from: English.
2019-05-13 23:43:45,331 [pool-1-thread-3] DEBUG com.wewritecode.miner.GoldMiner - Found 101 sessions for subject: English.
2019-05-13 23:43:46,817 [pool-1-thread-4] DEBUG com.wewritecode.miner.GoldMiner - Done getting courses for: Engineering Sciences
2019-05-13 23:43:46,818 [pool-1-thread-4] INFO  com.wewritecode.util.MethodTimer - Method: getCourses took 0 min, 4 sec for: Engineering Sciences
2019-05-13 23:43:48,931 [pool-1-thread-4] DEBUG com.wewritecode.miner.GoldMiner - Getting all courses from: Environmental Science & Management.
2019-05-13 23:43:48,971 [pool-1-thread-4] DEBUG com.wewritecode.miner.GoldMiner - Found 60 sessions for subject: Environmental Science & Management.
2019-05-13 23:44:19,121 [pool-1-thread-4] DEBUG com.wewritecode.miner.GoldMiner - Done getting courses for: Environmental Science & Management
2019-05-13 23:44:19,122 [pool-1-thread-4] INFO  com.wewritecode.util.MethodTimer - Method: getCourses took 0 min, 30 sec for: Environmental Science & Management
2019-05-13 23:44:21,482 [pool-1-thread-4] DEBUG com.wewritecode.miner.GoldMiner - Getting all courses from: Environmental Studies.
2019-05-13 23:44:21,542 [pool-1-thread-4] DEBUG com.wewritecode.miner.GoldMiner - Found 128 sessions for subject: Environmental Studies.
2019-05-13 23:44:35,135 [pool-1-thread-1] DEBUG com.wewritecode.miner.GoldMiner - Done getting courses for: Economics
2019-05-13 23:44:35,135 [pool-1-thread-1] INFO  com.wewritecode.util.MethodTimer - Method: getCourses took 3 min, 27 sec for: Economics
2019-05-13 23:44:36,819 [pool-1-thread-1] DEBUG com.wewritecode.miner.GoldMiner - Getting all courses from: Exercise & Sport Studies.
2019-05-13 23:44:36,856 [pool-1-thread-1] DEBUG com.wewritecode.miner.GoldMiner - Found 22 sessions for subject: Exercise & Sport Studies.
2019-05-13 23:44:40,372 [pool-1-thread-2] DEBUG com.wewritecode.miner.GoldMiner - Done getting courses for: Electrical Computer Engineering
2019-05-13 23:44:40,373 [pool-1-thread-2] INFO  com.wewritecode.util.MethodTimer - Method: getCourses took 1 min, 30 sec for: Electrical Computer Engineering
2019-05-13 23:44:42,583 [pool-1-thread-2] DEBUG com.wewritecode.miner.GoldMiner - Getting all courses from: Exercise Sport.
2019-05-13 23:44:42,633 [pool-1-thread-2] DEBUG com.wewritecode.miner.GoldMiner - Found 124 sessions for subject: Exercise Sport.
2019-05-13 23:44:45,565 [pool-1-thread-1] DEBUG com.wewritecode.miner.GoldMiner - Done getting courses for: Exercise & Sport Studies
2019-05-13 23:44:45,565 [pool-1-thread-1] INFO  com.wewritecode.util.MethodTimer - Method: getCourses took 0 min, 8 sec for: Exercise & Sport Studies
2019-05-13 23:44:47,236 [pool-1-thread-1] DEBUG com.wewritecode.miner.GoldMiner - Getting all courses from: Feminist Studies.
2019-05-13 23:44:47,275 [pool-1-thread-1] DEBUG com.wewritecode.miner.GoldMiner - Found 58 sessions for subject: Feminist Studies.
2019-05-13 23:44:53,306 [pool-1-thread-3] DEBUG com.wewritecode.miner.GoldMiner - Done getting courses for: English
2019-05-13 23:44:53,306 [pool-1-thread-3] INFO  com.wewritecode.util.MethodTimer - Method: getCourses took 1 min, 8 sec for: English
2019-05-13 23:44:55,165 [pool-1-thread-3] DEBUG com.wewritecode.miner.GoldMiner - Getting all courses from: Film and Media Studies.
2019-05-13 23:44:55,208 [pool-1-thread-3] DEBUG com.wewritecode.miner.GoldMiner - Found 77 sessions for subject: Film and Media Studies.
2019-05-13 23:45:14,245 [pool-1-thread-1] DEBUG com.wewritecode.miner.GoldMiner - Done getting courses for: Feminist Studies
2019-05-13 23:45:14,245 [pool-1-thread-1] INFO  com.wewritecode.util.MethodTimer - Method: getCourses took 0 min, 27 sec for: Feminist Studies
2019-05-13 23:45:16,275 [pool-1-thread-1] DEBUG com.wewritecode.miner.GoldMiner - Getting all courses from: French.
2019-05-13 23:45:16,309 [pool-1-thread-1] DEBUG com.wewritecode.miner.GoldMiner - Found 31 sessions for subject: French.
2019-05-13 23:45:29,096 [pool-1-thread-1] DEBUG com.wewritecode.miner.GoldMiner - Done getting courses for: French
2019-05-13 23:45:29,096 [pool-1-thread-1] INFO  com.wewritecode.util.MethodTimer - Method: getCourses took 0 min, 12 sec for: French
2019-05-13 23:45:30,511 [pool-1-thread-1] DEBUG com.wewritecode.miner.GoldMiner - Getting all courses from: General Studies (Creative Studies).
2019-05-13 23:45:32,243 [pool-1-thread-1] DEBUG com.wewritecode.miner.GoldMiner - Getting all courses from: General Studies (Creative Studies).
2019-05-13 23:45:34,303 [pool-1-thread-1] DEBUG com.wewritecode.miner.GoldMiner - Getting all courses from: Geography.
2019-05-13 23:45:34,352 [pool-1-thread-1] DEBUG com.wewritecode.miner.GoldMiner - Found 96 sessions for subject: Geography.
2019-05-13 23:45:37,710 [pool-1-thread-3] DEBUG com.wewritecode.miner.GoldMiner - Done getting courses for: Film and Media Studies
2019-05-13 23:45:37,710 [pool-1-thread-3] INFO  com.wewritecode.util.MethodTimer - Method: getCourses took 0 min, 42 sec for: Film and Media Studies
2019-05-13 23:45:39,537 [pool-1-thread-3] DEBUG com.wewritecode.miner.GoldMiner - Getting all courses from: German.
2019-05-13 23:45:39,586 [pool-1-thread-3] DEBUG com.wewritecode.miner.GoldMiner - Found 25 sessions for subject: German.
2019-05-13 23:45:48,893 [pool-1-thread-3] DEBUG com.wewritecode.miner.GoldMiner - Done getting courses for: German
2019-05-13 23:45:48,894 [pool-1-thread-3] INFO  com.wewritecode.util.MethodTimer - Method: getCourses took 0 min, 9 sec for: German
2019-05-13 23:45:50,573 [pool-1-thread-3] DEBUG com.wewritecode.miner.GoldMiner - Getting all courses from: Global Peace and Security.
2019-05-13 23:45:52,358 [pool-1-thread-3] DEBUG com.wewritecode.miner.GoldMiner - Getting all courses from: Global Studies.
2019-05-13 23:45:52,418 [pool-1-thread-3] DEBUG com.wewritecode.miner.GoldMiner - Found 67 sessions for subject: Global Studies.
2019-05-13 23:45:55,503 [pool-1-thread-4] DEBUG com.wewritecode.miner.GoldMiner - Done getting courses for: Environmental Studies
2019-05-13 23:45:55,503 [pool-1-thread-4] INFO  com.wewritecode.util.MethodTimer - Method: getCourses took 1 min, 34 sec for: Environmental Studies
2019-05-13 23:45:57,129 [pool-1-thread-4] DEBUG com.wewritecode.miner.GoldMiner - Getting all courses from: Graduate Division.
2019-05-13 23:45:58,610 [pool-1-thread-4] DEBUG com.wewritecode.miner.GoldMiner - Getting all courses from: Greek.
2019-05-13 23:45:58,639 [pool-1-thread-4] DEBUG com.wewritecode.miner.GoldMiner - Found 8 sessions for subject: Greek.
2019-05-13 23:46:01,646 [pool-1-thread-4] DEBUG com.wewritecode.miner.GoldMiner - Done getting courses for: Greek
2019-05-13 23:46:01,646 [pool-1-thread-4] INFO  com.wewritecode.util.MethodTimer - Method: getCourses took 0 min, 3 sec for: Greek
2019-05-13 23:46:03,385 [pool-1-thread-4] DEBUG com.wewritecode.miner.GoldMiner - Getting all courses from: Hebrew.
2019-05-13 23:46:03,415 [pool-1-thread-4] DEBUG com.wewritecode.miner.GoldMiner - Found 3 sessions for subject: Hebrew.
2019-05-13 23:46:04,492 [pool-1-thread-4] DEBUG com.wewritecode.miner.GoldMiner - Done getting courses for: Hebrew
2019-05-13 23:46:04,493 [pool-1-thread-4] INFO  com.wewritecode.util.MethodTimer - Method: getCourses took 0 min, 1 sec for: Hebrew
2019-05-13 23:46:06,842 [pool-1-thread-4] DEBUG com.wewritecode.miner.GoldMiner - Getting all courses from: History.
2019-05-13 23:46:06,927 [pool-1-thread-4] DEBUG com.wewritecode.miner.GoldMiner - Found 147 sessions for subject: History.
2019-05-13 23:46:11,797 [pool-1-thread-2] DEBUG com.wewritecode.miner.GoldMiner - Done getting courses for: Exercise Sport
2019-05-13 23:46:11,798 [pool-1-thread-2] INFO  com.wewritecode.util.MethodTimer - Method: getCourses took 1 min, 29 sec for: Exercise Sport
2019-05-13 23:46:13,623 [pool-1-thread-2] DEBUG com.wewritecode.miner.GoldMiner - Getting all courses from: Interdisciplinary.
2019-05-13 23:46:13,664 [pool-1-thread-2] DEBUG com.wewritecode.miner.GoldMiner - Found 60 sessions for subject: Interdisciplinary.
2019-05-13 23:46:24,042 [pool-1-thread-3] DEBUG com.wewritecode.miner.GoldMiner - Done getting courses for: Global Studies
2019-05-13 23:46:24,044 [pool-1-thread-3] INFO  com.wewritecode.util.MethodTimer - Method: getCourses took 0 min, 31 sec for: Global Studies
2019-05-13 23:46:25,629 [pool-1-thread-3] DEBUG com.wewritecode.miner.GoldMiner - Getting all courses from: Interdisciplinary (Creative Studies).
2019-05-13 23:46:25,657 [pool-1-thread-3] DEBUG com.wewritecode.miner.GoldMiner - Found 1 sessions for subject: Interdisciplinary (Creative Studies).
2019-05-13 23:46:26,019 [pool-1-thread-3] DEBUG com.wewritecode.miner.GoldMiner - Done getting courses for: Interdisciplinary (Creative Studies)
2019-05-13 23:46:26,019 [pool-1-thread-3] INFO  com.wewritecode.util.MethodTimer - Method: getCourses took 0 min, 0 sec for: Interdisciplinary (Creative Studies)
2019-05-13 23:46:27,724 [pool-1-thread-3] DEBUG com.wewritecode.miner.GoldMiner - Getting all courses from: Italian.
2019-05-13 23:46:27,755 [pool-1-thread-3] DEBUG com.wewritecode.miner.GoldMiner - Found 26 sessions for subject: Italian.
2019-05-13 23:46:33,271 [pool-1-thread-1] DEBUG com.wewritecode.miner.GoldMiner - Done getting courses for: Geography
2019-05-13 23:46:33,272 [pool-1-thread-1] INFO  com.wewritecode.util.MethodTimer - Method: getCourses took 0 min, 58 sec for: Geography
2019-05-13 23:46:35,017 [pool-1-thread-1] DEBUG com.wewritecode.miner.GoldMiner - Getting all courses from: Japanese.
2019-05-13 23:46:35,053 [pool-1-thread-1] DEBUG com.wewritecode.miner.GoldMiner - Found 28 sessions for subject: Japanese.
2019-05-13 23:46:37,474 [pool-1-thread-3] DEBUG com.wewritecode.miner.GoldMiner - Done getting courses for: Italian
2019-05-13 23:46:37,474 [pool-1-thread-3] INFO  com.wewritecode.util.MethodTimer - Method: getCourses took 0 min, 9 sec for: Italian
2019-05-13 23:46:39,024 [pool-1-thread-3] DEBUG com.wewritecode.miner.GoldMiner - Getting all courses from: Korean.
2019-05-13 23:46:39,055 [pool-1-thread-3] DEBUG com.wewritecode.miner.GoldMiner - Found 6 sessions for subject: Korean.
2019-05-13 23:46:41,134 [pool-1-thread-3] DEBUG com.wewritecode.miner.GoldMiner - Done getting courses for: Korean
2019-05-13 23:46:41,134 [pool-1-thread-3] INFO  com.wewritecode.util.MethodTimer - Method: getCourses took 0 min, 2 sec for: Korean
2019-05-13 23:46:42,834 [pool-1-thread-3] DEBUG com.wewritecode.miner.GoldMiner - Getting all courses from: Latin.
2019-05-13 23:46:42,864 [pool-1-thread-3] DEBUG com.wewritecode.miner.GoldMiner - Found 10 sessions for subject: Latin.
2019-05-13 23:46:46,432 [pool-1-thread-3] DEBUG com.wewritecode.miner.GoldMiner - Done getting courses for: Latin
2019-05-13 23:46:46,432 [pool-1-thread-3] INFO  com.wewritecode.util.MethodTimer - Method: getCourses took 0 min, 3 sec for: Latin
2019-05-13 23:46:46,505 [pool-1-thread-1] DEBUG com.wewritecode.miner.GoldMiner - Done getting courses for: Japanese
2019-05-13 23:46:46,505 [pool-1-thread-1] INFO  com.wewritecode.util.MethodTimer - Method: getCourses took 0 min, 11 sec for: Japanese
2019-05-13 23:46:48,301 [pool-1-thread-3] DEBUG com.wewritecode.miner.GoldMiner - Getting all courses from: Latin American and Iberian Studies.
2019-05-13 23:46:48,334 [pool-1-thread-3] DEBUG com.wewritecode.miner.GoldMiner - Found 15 sessions for subject: Latin American and Iberian Studies.
2019-05-13 23:46:48,806 [pool-1-thread-1] DEBUG com.wewritecode.miner.GoldMiner - Getting all courses from: Linguistics.
2019-05-13 23:46:48,854 [pool-1-thread-1] DEBUG com.wewritecode.miner.GoldMiner - Found 99 sessions for subject: Linguistics.
2019-05-13 23:46:51,006 [pool-1-thread-2] DEBUG com.wewritecode.miner.GoldMiner - Done getting courses for: Interdisciplinary
2019-05-13 23:46:51,006 [pool-1-thread-2] INFO  com.wewritecode.util.MethodTimer - Method: getCourses took 0 min, 37 sec for: Interdisciplinary
2019-05-13 23:46:52,427 [pool-1-thread-2] DEBUG com.wewritecode.miner.GoldMiner - Getting all courses from: Literature (Creative Studies).
2019-05-13 23:46:53,872 [pool-1-thread-3] DEBUG com.wewritecode.miner.GoldMiner - Done getting courses for: Latin American and Iberian Studies
2019-05-13 23:46:53,873 [pool-1-thread-3] INFO  com.wewritecode.util.MethodTimer - Method: getCourses took 0 min, 5 sec for: Latin American and Iberian Studies
2019-05-13 23:46:53,969 [pool-1-thread-2] DEBUG com.wewritecode.miner.GoldMiner - Getting all courses from: Literature (Creative Studies).
2019-05-13 23:46:55,570 [pool-1-thread-3] DEBUG com.wewritecode.miner.GoldMiner - Getting all courses from: Marine Science.
2019-05-13 23:46:55,600 [pool-1-thread-3] DEBUG com.wewritecode.miner.GoldMiner - Found 4 sessions for subject: Marine Science.
2019-05-13 23:46:55,632 [pool-1-thread-2] DEBUG com.wewritecode.miner.GoldMiner - Getting all courses from: Materials.
2019-05-13 23:46:55,668 [pool-1-thread-2] DEBUG com.wewritecode.miner.GoldMiner - Found 29 sessions for subject: Materials.
2019-05-13 23:46:57,075 [pool-1-thread-3] DEBUG com.wewritecode.miner.GoldMiner - Done getting courses for: Marine Science
2019-05-13 23:46:57,075 [pool-1-thread-3] INFO  com.wewritecode.util.MethodTimer - Method: getCourses took 0 min, 1 sec for: Marine Science
2019-05-13 23:46:59,644 [pool-1-thread-3] DEBUG com.wewritecode.miner.GoldMiner - Getting all courses from: Mathematics.
2019-05-13 23:46:59,761 [pool-1-thread-3] DEBUG com.wewritecode.miner.GoldMiner - Found 227 sessions for subject: Mathematics.
2019-05-13 23:47:08,438 [pool-1-thread-2] DEBUG com.wewritecode.miner.GoldMiner - Done getting courses for: Materials
2019-05-13 23:47:08,438 [pool-1-thread-2] INFO  com.wewritecode.util.MethodTimer - Method: getCourses took 0 min, 12 sec for: Materials
2019-05-13 23:47:10,150 [pool-1-thread-2] DEBUG com.wewritecode.miner.GoldMiner - Getting all courses from: Mathematics (Creative Studies).
2019-05-13 23:47:10,181 [pool-1-thread-2] DEBUG com.wewritecode.miner.GoldMiner - Found 4 sessions for subject: Mathematics (Creative Studies).
2019-05-13 23:47:11,635 [pool-1-thread-2] DEBUG com.wewritecode.miner.GoldMiner - Done getting courses for: Mathematics (Creative Studies)
2019-05-13 23:47:11,635 [pool-1-thread-2] INFO  com.wewritecode.util.MethodTimer - Method: getCourses took 0 min, 1 sec for: Mathematics (Creative Studies)
2019-05-13 23:47:13,660 [pool-1-thread-2] DEBUG com.wewritecode.miner.GoldMiner - Getting all courses from: Mechanical Engineering.
2019-05-13 23:47:13,702 [pool-1-thread-2] DEBUG com.wewritecode.miner.GoldMiner - Found 76 sessions for subject: Mechanical Engineering.
2019-05-13 23:47:52,326 [pool-1-thread-1] DEBUG com.wewritecode.miner.GoldMiner - Done getting courses for: Linguistics
2019-05-13 23:47:52,328 [pool-1-thread-1] INFO  com.wewritecode.util.MethodTimer - Method: getCourses took 1 min, 3 sec for: Linguistics
2019-05-13 23:47:54,136 [pool-1-thread-1] DEBUG com.wewritecode.miner.GoldMiner - Getting all courses from: Media Arts and Technology.
2019-05-13 23:47:54,167 [pool-1-thread-1] DEBUG com.wewritecode.miner.GoldMiner - Found 18 sessions for subject: Media Arts and Technology.
2019-05-13 23:47:59,959 [pool-1-thread-2] DEBUG com.wewritecode.miner.GoldMiner - Done getting courses for: Mechanical Engineering
2019-05-13 23:47:59,961 [pool-1-thread-2] INFO  com.wewritecode.util.MethodTimer - Method: getCourses took 0 min, 46 sec for: Mechanical Engineering
2019-05-13 23:48:01,752 [pool-1-thread-1] DEBUG com.wewritecode.miner.GoldMiner - Done getting courses for: Media Arts and Technology
2019-05-13 23:48:01,752 [pool-1-thread-1] INFO  com.wewritecode.util.MethodTimer - Method: getCourses took 0 min, 7 sec for: Media Arts and Technology
2019-05-13 23:48:01,821 [pool-1-thread-2] DEBUG com.wewritecode.miner.GoldMiner - Getting all courses from: Medieval Studies.
2019-05-13 23:48:01,848 [pool-1-thread-2] DEBUG com.wewritecode.miner.GoldMiner - Found 1 sessions for subject: Medieval Studies.
2019-05-13 23:48:02,346 [pool-1-thread-2] DEBUG com.wewritecode.miner.GoldMiner - Done getting courses for: Medieval Studies
2019-05-13 23:48:02,346 [pool-1-thread-2] INFO  com.wewritecode.util.MethodTimer - Method: getCourses took 0 min, 0 sec for: Medieval Studies
2019-05-13 23:48:03,679 [pool-1-thread-1] DEBUG com.wewritecode.miner.GoldMiner - Getting all courses from: Middle East Studies.
2019-05-13 23:48:03,707 [pool-1-thread-1] DEBUG com.wewritecode.miner.GoldMiner - Found 5 sessions for subject: Middle East Studies.
2019-05-13 23:48:03,786 [pool-1-thread-2] DEBUG com.wewritecode.miner.GoldMiner - Getting all courses from: Military Science.
2019-05-13 23:48:03,817 [pool-1-thread-2] DEBUG com.wewritecode.miner.GoldMiner - Found 13 sessions for subject: Military Science.
2019-05-13 23:48:04,919 [pool-1-thread-1] DEBUG com.wewritecode.miner.GoldMiner - Done getting courses for: Middle East Studies
2019-05-13 23:48:04,919 [pool-1-thread-1] INFO  com.wewritecode.util.MethodTimer - Method: getCourses took 0 min, 1 sec for: Middle East Studies
2019-05-13 23:48:07,825 [pool-1-thread-1] DEBUG com.wewritecode.miner.GoldMiner - Getting all courses from: Molecular, Cellular & Develop. Biology.
2019-05-13 23:48:07,887 [pool-1-thread-1] DEBUG com.wewritecode.miner.GoldMiner - Found 166 sessions for subject: Molecular, Cellular & Develop. Biology.
2019-05-13 23:48:08,423 [pool-1-thread-2] DEBUG com.wewritecode.miner.GoldMiner - Done getting courses for: Military Science
2019-05-13 23:48:08,423 [pool-1-thread-2] INFO  com.wewritecode.util.MethodTimer - Method: getCourses took 0 min, 4 sec for: Military Science
2019-05-13 23:48:10,911 [pool-1-thread-2] DEBUG com.wewritecode.miner.GoldMiner - Getting all courses from: Music.
2019-05-13 23:48:10,973 [pool-1-thread-2] DEBUG com.wewritecode.miner.GoldMiner - Found 191 sessions for subject: Music.
2019-05-13 23:48:12,865 [pool-1-thread-4] DEBUG com.wewritecode.miner.GoldMiner - Done getting courses for: History
2019-05-13 23:48:12,865 [pool-1-thread-4] INFO  com.wewritecode.util.MethodTimer - Method: getCourses took 2 min, 6 sec for: History
2019-05-13 23:48:14,561 [pool-1-thread-4] DEBUG com.wewritecode.miner.GoldMiner - Getting all courses from: Music (Creative Studies).
2019-05-13 23:48:14,589 [pool-1-thread-4] DEBUG com.wewritecode.miner.GoldMiner - Found 4 sessions for subject: Music (Creative Studies).
2019-05-13 23:48:15,916 [pool-1-thread-4] DEBUG com.wewritecode.miner.GoldMiner - Done getting courses for: Music (Creative Studies)
2019-05-13 23:48:15,916 [pool-1-thread-4] INFO  com.wewritecode.util.MethodTimer - Method: getCourses took 0 min, 1 sec for: Music (Creative Studies)
2019-05-13 23:48:17,562 [pool-1-thread-4] DEBUG com.wewritecode.miner.GoldMiner - Getting all courses from: Music Performance Laboratories.
2019-05-13 23:48:17,614 [pool-1-thread-4] DEBUG com.wewritecode.miner.GoldMiner - Found 65 sessions for subject: Music Performance Laboratories.
2019-05-13 23:48:55,848 [pool-1-thread-4] DEBUG com.wewritecode.miner.GoldMiner - Done getting courses for: Music Performance Laboratories
2019-05-13 23:48:55,851 [pool-1-thread-4] INFO  com.wewritecode.util.MethodTimer - Method: getCourses took 0 min, 38 sec for: Music Performance Laboratories
2019-05-13 23:48:57,788 [pool-1-thread-4] DEBUG com.wewritecode.miner.GoldMiner - Getting all courses from: Philosophy.
2019-05-13 23:48:57,831 [pool-1-thread-4] DEBUG com.wewritecode.miner.GoldMiner - Found 74 sessions for subject: Philosophy.
2019-05-13 23:49:36,178 [pool-1-thread-4] DEBUG com.wewritecode.miner.GoldMiner - Done getting courses for: Philosophy
2019-05-13 23:49:36,178 [pool-1-thread-4] INFO  com.wewritecode.util.MethodTimer - Method: getCourses took 0 min, 38 sec for: Philosophy
2019-05-13 23:49:38,745 [pool-1-thread-4] DEBUG com.wewritecode.miner.GoldMiner - Getting all courses from: Physics.
2019-05-13 23:49:38,812 [pool-1-thread-4] DEBUG com.wewritecode.miner.GoldMiner - Found 194 sessions for subject: Physics.
2019-05-13 23:50:31,179 [pool-1-thread-1] DEBUG com.wewritecode.miner.GoldMiner - Done getting courses for: Molecular, Cellular & Develop. Biology
2019-05-13 23:50:31,181 [pool-1-thread-1] INFO  com.wewritecode.util.MethodTimer - Method: getCourses took 2 min, 23 sec for: Molecular, Cellular & Develop. Biology
2019-05-13 23:50:32,911 [pool-1-thread-1] DEBUG com.wewritecode.miner.GoldMiner - Getting all courses from: Physics (Creative Studies).
2019-05-13 23:50:32,941 [pool-1-thread-1] DEBUG com.wewritecode.miner.GoldMiner - Found 10 sessions for subject: Physics (Creative Studies).
2019-05-13 23:50:35,614 [pool-1-thread-1] DEBUG com.wewritecode.miner.GoldMiner - Done getting courses for: Physics (Creative Studies)
2019-05-13 23:50:35,614 [pool-1-thread-1] INFO  com.wewritecode.util.MethodTimer - Method: getCourses took 0 min, 2 sec for: Physics (Creative Studies)
2019-05-13 23:50:37,547 [pool-1-thread-1] DEBUG com.wewritecode.miner.GoldMiner - Getting all courses from: Political Science.
2019-05-13 23:50:37,598 [pool-1-thread-1] DEBUG com.wewritecode.miner.GoldMiner - Found 101 sessions for subject: Political Science.
2019-05-13 23:50:54,823 [pool-1-thread-3] DEBUG com.wewritecode.miner.GoldMiner - Done getting courses for: Mathematics
2019-05-13 23:50:54,823 [pool-1-thread-3] INFO  com.wewritecode.util.MethodTimer - Method: getCourses took 3 min, 55 sec for: Mathematics
2019-05-13 23:50:56,391 [pool-1-thread-3] DEBUG com.wewritecode.miner.GoldMiner - Getting all courses from: Portuguese.
2019-05-13 23:50:56,423 [pool-1-thread-3] DEBUG com.wewritecode.miner.GoldMiner - Found 16 sessions for subject: Portuguese.
2019-05-13 23:51:02,914 [pool-1-thread-3] DEBUG com.wewritecode.miner.GoldMiner - Done getting courses for: Portuguese
2019-05-13 23:51:02,914 [pool-1-thread-3] INFO  com.wewritecode.util.MethodTimer - Method: getCourses took 0 min, 6 sec for: Portuguese
2019-05-13 23:51:04,980 [pool-1-thread-3] DEBUG com.wewritecode.miner.GoldMiner - Getting all courses from: Psychology.
2019-05-13 23:51:05,030 [pool-1-thread-3] DEBUG com.wewritecode.miner.GoldMiner - Found 105 sessions for subject: Psychology.
2019-05-13 23:51:36,220 [pool-1-thread-1] DEBUG com.wewritecode.miner.GoldMiner - Done getting courses for: Political Science
2019-05-13 23:51:36,221 [pool-1-thread-1] INFO  com.wewritecode.util.MethodTimer - Method: getCourses took 0 min, 58 sec for: Political Science
2019-05-13 23:51:38,411 [pool-1-thread-1] DEBUG com.wewritecode.miner.GoldMiner - Getting all courses from: Religious Studies.
2019-05-13 23:51:38,471 [pool-1-thread-1] DEBUG com.wewritecode.miner.GoldMiner - Found 125 sessions for subject: Religious Studies.
2019-05-13 23:51:46,469 [pool-1-thread-2] DEBUG com.wewritecode.miner.GoldMiner - Done getting courses for: Music
2019-05-13 23:51:46,469 [pool-1-thread-2] INFO  com.wewritecode.util.MethodTimer - Method: getCourses took 3 min, 35 sec for: Music
2019-05-13 23:51:48,066 [pool-1-thread-2] DEBUG com.wewritecode.miner.GoldMiner - Getting all courses from: Renaissance Studies.
2019-05-13 23:51:48,092 [pool-1-thread-2] DEBUG com.wewritecode.miner.GoldMiner - Found 1 sessions for subject: Renaissance Studies.
2019-05-13 23:51:48,454 [pool-1-thread-2] DEBUG com.wewritecode.miner.GoldMiner - Done getting courses for: Renaissance Studies
2019-05-13 23:51:48,454 [pool-1-thread-2] INFO  com.wewritecode.util.MethodTimer - Method: getCourses took 0 min, 0 sec for: Renaissance Studies
2019-05-13 23:51:50,004 [pool-1-thread-2] DEBUG com.wewritecode.miner.GoldMiner - Getting all courses from: Slavic.
2019-05-13 23:51:50,035 [pool-1-thread-2] DEBUG com.wewritecode.miner.GoldMiner - Found 13 sessions for subject: Slavic.
2019-05-13 23:51:54,530 [pool-1-thread-2] DEBUG com.wewritecode.miner.GoldMiner - Done getting courses for: Slavic
2019-05-13 23:51:54,530 [pool-1-thread-2] INFO  com.wewritecode.util.MethodTimer - Method: getCourses took 0 min, 4 sec for: Slavic
2019-05-13 23:51:56,466 [pool-1-thread-2] DEBUG com.wewritecode.miner.GoldMiner - Getting all courses from: Sociology.
2019-05-13 23:51:56,517 [pool-1-thread-2] DEBUG com.wewritecode.miner.GoldMiner - Found 92 sessions for subject: Sociology.
2019-05-13 23:52:14,354 [pool-1-thread-3] DEBUG com.wewritecode.miner.GoldMiner - Done getting courses for: Psychology
2019-05-13 23:52:14,355 [pool-1-thread-3] INFO  com.wewritecode.util.MethodTimer - Method: getCourses took 1 min, 9 sec for: Psychology
2019-05-13 23:52:16,374 [pool-1-thread-3] DEBUG com.wewritecode.miner.GoldMiner - Getting all courses from: Spanish.
2019-05-13 23:52:16,412 [pool-1-thread-3] DEBUG com.wewritecode.miner.GoldMiner - Found 51 sessions for subject: Spanish.
2019-05-13 23:52:39,591 [pool-1-thread-4] DEBUG com.wewritecode.miner.GoldMiner - Done getting courses for: Physics
2019-05-13 23:52:39,592 [pool-1-thread-4] INFO  com.wewritecode.util.MethodTimer - Method: getCourses took 3 min, 0 sec for: Physics
2019-05-13 23:52:41,269 [pool-1-thread-4] DEBUG com.wewritecode.miner.GoldMiner - Getting all courses from: Speech & Hearing Sciences.
2019-05-13 23:52:41,298 [pool-1-thread-4] DEBUG com.wewritecode.miner.GoldMiner - Found 5 sessions for subject: Speech & Hearing Sciences.
2019-05-13 23:52:41,506 [pool-1-thread-3] DEBUG com.wewritecode.miner.GoldMiner - Done getting courses for: Spanish
2019-05-13 23:52:41,506 [pool-1-thread-3] INFO  com.wewritecode.util.MethodTimer - Method: getCourses took 0 min, 25 sec for: Spanish
2019-05-13 23:52:43,304 [pool-1-thread-4] DEBUG com.wewritecode.miner.GoldMiner - Done getting courses for: Speech & Hearing Sciences
2019-05-13 23:52:43,304 [pool-1-thread-4] INFO  com.wewritecode.util.MethodTimer - Method: getCourses took 0 min, 2 sec for: Speech & Hearing Sciences
2019-05-13 23:52:44,307 [pool-1-thread-3] DEBUG com.wewritecode.miner.GoldMiner - Getting all courses from: Statistics & Applied Probability.
2019-05-13 23:52:44,390 [pool-1-thread-3] DEBUG com.wewritecode.miner.GoldMiner - Found 240 sessions for subject: Statistics & Applied Probability.
2019-05-13 23:52:45,098 [pool-1-thread-4] DEBUG com.wewritecode.miner.GoldMiner - Getting all courses from: Technology Management.
2019-05-13 23:52:45,132 [pool-1-thread-4] DEBUG com.wewritecode.miner.GoldMiner - Found 20 sessions for subject: Technology Management.
2019-05-13 23:52:53,272 [pool-1-thread-4] DEBUG com.wewritecode.miner.GoldMiner - Done getting courses for: Technology Management
2019-05-13 23:52:53,273 [pool-1-thread-4] INFO  com.wewritecode.util.MethodTimer - Method: getCourses took 0 min, 8 sec for: Technology Management
2019-05-13 23:52:55,261 [pool-1-thread-4] DEBUG com.wewritecode.miner.GoldMiner - Getting all courses from: Theater.
2019-05-13 23:52:55,304 [pool-1-thread-4] DEBUG com.wewritecode.miner.GoldMiner - Found 68 sessions for subject: Theater.
2019-05-13 23:52:57,885 [pool-1-thread-2] DEBUG com.wewritecode.miner.GoldMiner - Done getting courses for: Sociology
2019-05-13 23:52:57,886 [pool-1-thread-2] INFO  com.wewritecode.util.MethodTimer - Method: getCourses took 1 min, 1 sec for: Sociology
2019-05-13 23:53:00,184 [pool-1-thread-2] DEBUG com.wewritecode.miner.GoldMiner - Getting all courses from: Writing.
2019-05-13 23:53:00,245 [pool-1-thread-2] DEBUG com.wewritecode.miner.GoldMiner - Found 124 sessions for subject: Writing.
2019-05-13 23:53:20,768 [pool-1-thread-1] DEBUG com.wewritecode.miner.GoldMiner - Done getting courses for: Religious Studies
2019-05-13 23:53:20,768 [pool-1-thread-1] INFO  com.wewritecode.util.MethodTimer - Method: getCourses took 1 min, 42 sec for: Religious Studies
2019-05-13 23:53:22,393 [pool-1-thread-1] DEBUG com.wewritecode.miner.GoldMiner - Getting all courses from: Writing & Literature (Creative Studies).
2019-05-13 23:53:22,425 [pool-1-thread-1] DEBUG com.wewritecode.miner.GoldMiner - Found 8 sessions for subject: Writing & Literature (Creative Studies).
2019-05-13 23:53:25,464 [pool-1-thread-1] DEBUG com.wewritecode.miner.GoldMiner - Done getting courses for: Writing & Literature (Creative Studies)
2019-05-13 23:53:25,464 [pool-1-thread-1] INFO  com.wewritecode.util.MethodTimer - Method: getCourses took 0 min, 3 sec for: Writing & Literature (Creative Studies)
2019-05-13 23:53:27,105 [pool-1-thread-1] DEBUG com.wewritecode.miner.GoldMiner - Getting all courses from: Writing & Literature (Creative Studies).
2019-05-13 23:53:27,134 [pool-1-thread-1] DEBUG com.wewritecode.miner.GoldMiner - Found 8 sessions for subject: Writing & Literature (Creative Studies).
2019-05-13 23:53:30,146 [pool-1-thread-1] DEBUG com.wewritecode.miner.GoldMiner - Done getting courses for: Writing & Literature (Creative Studies)
2019-05-13 23:53:30,146 [pool-1-thread-1] INFO  com.wewritecode.util.MethodTimer - Method: getCourses took 0 min, 3 sec for: Writing & Literature (Creative Studies)
2019-05-13 23:53:35,794 [pool-1-thread-4] DEBUG com.wewritecode.miner.GoldMiner - Done getting courses for: Theater
2019-05-13 23:53:35,795 [pool-1-thread-4] INFO  com.wewritecode.util.MethodTimer - Method: getCourses took 0 min, 40 sec for: Theater
2019-05-13 23:54:08,288 [pool-1-thread-2] DEBUG com.wewritecode.miner.GoldMiner - Done getting courses for: Writing
2019-05-13 23:54:08,288 [pool-1-thread-2] INFO  com.wewritecode.util.MethodTimer - Method: getCourses took 1 min, 8 sec for: Writing
2019-05-13 23:55:31,055 [pool-1-thread-3] DEBUG com.wewritecode.miner.GoldMiner - Done getting courses for: Statistics & Applied Probability
2019-05-13 23:55:31,055 [pool-1-thread-3] INFO  com.wewritecode.util.MethodTimer - Method: getCourses took 2 min, 46 sec for: Statistics & Applied Probability
