2019-05-15 14:58:38,134 [restartedMain] INFO  com.wewritecode.miner.GoldMineCLI - Beginning scraping program.
2019-05-15 14:58:38,136 [restartedMain] INFO  com.wewritecode.miner.GoldMineCLI - Beginning scraping FALL 2019
2019-05-15 14:58:38,136 [restartedMain] INFO  com.wewritecode.miner.GoldMineController - Starting multi-threaded scrape.
2019-05-15 14:58:38,765 [restartedMain] INFO  com.wewritecode.miner.GoldMineController - Creating 4 available threads.
2019-05-15 14:58:39,990 [restartedMain] DEBUG com.wewritecode.miner.GoldMineController - Creating new task for: Anthropology - ANTH.
2019-05-15 14:58:39,991 [restartedMain] DEBUG com.wewritecode.miner.GoldMineController - Creating new task for: Art - ART.
2019-05-15 14:58:40,006 [restartedMain] DEBUG com.wewritecode.miner.GoldMineController - Creating new task for: Art (Creative Studies) - ART CS.
2019-05-15 14:58:40,008 [restartedMain] DEBUG com.wewritecode.miner.GoldMineController - Creating new task for: Art History - ARTHI.
2019-05-15 14:58:40,009 [restartedMain] DEBUG com.wewritecode.miner.GoldMineController - Creating new task for: Art Studio - ARTST.
2019-05-15 14:58:40,009 [restartedMain] DEBUG com.wewritecode.miner.GoldMineController - Creating new task for: Asian American Studies - AS AM.
2019-05-15 14:58:40,009 [restartedMain] DEBUG com.wewritecode.miner.GoldMineController - Creating new task for: Astronomy - ASTRO.
2019-05-15 14:58:40,009 [restartedMain] DEBUG com.wewritecode.miner.GoldMineController - Creating new task for: Biology - BIOL.
2019-05-15 14:58:40,009 [restartedMain] DEBUG com.wewritecode.miner.GoldMineController - Creating new task for: Biology (Creative Studies) - BIOL CS.
2019-05-15 14:58:40,009 [restartedMain] DEBUG com.wewritecode.miner.GoldMineController - Creating new task for: Biomolecular Science and Engineering - BMSE.
2019-05-15 14:58:40,009 [restartedMain] DEBUG com.wewritecode.miner.GoldMineController - Creating new task for: Black Studies - BL ST.
2019-05-15 14:58:40,009 [restartedMain] DEBUG com.wewritecode.miner.GoldMineController - Creating new task for: Chemical Engineering - CH E.
2019-05-15 14:58:40,010 [restartedMain] DEBUG com.wewritecode.miner.GoldMineController - Creating new task for: Chemistry (Creative Studies) - CHEM CS.
2019-05-15 14:58:40,010 [restartedMain] DEBUG com.wewritecode.miner.GoldMineController - Creating new task for: Chemistry and Biochemistry - CHEM.
2019-05-15 14:58:40,010 [restartedMain] DEBUG com.wewritecode.miner.GoldMineController - Creating new task for: Chicano Studies - CH ST.
2019-05-15 14:58:40,010 [restartedMain] DEBUG com.wewritecode.miner.GoldMineController - Creating new task for: Chinese - CHIN.
2019-05-15 14:58:40,010 [restartedMain] DEBUG com.wewritecode.miner.GoldMineController - Creating new task for: Classics - CLASS.
2019-05-15 14:58:40,010 [restartedMain] DEBUG com.wewritecode.miner.GoldMineController - Creating new task for: Communication - COMM.
2019-05-15 14:58:40,010 [restartedMain] DEBUG com.wewritecode.miner.GoldMineController - Creating new task for: Comparative Literature - C LIT.
2019-05-15 14:58:40,010 [restartedMain] DEBUG com.wewritecode.miner.GoldMineController - Creating new task for: Computer Science - CMPSC.
2019-05-15 14:58:40,010 [restartedMain] DEBUG com.wewritecode.miner.GoldMineController - Creating new task for: Computer Science (Creative Studies) - CMPSCCS.
2019-05-15 14:58:40,010 [restartedMain] DEBUG com.wewritecode.miner.GoldMineController - Creating new task for: Computing (Creative Studies) - CMPTG.
2019-05-15 14:58:40,010 [restartedMain] DEBUG com.wewritecode.miner.GoldMineController - Creating new task for: Computing (Creative Studies) - CMPTGCS.
2019-05-15 14:58:40,010 [restartedMain] DEBUG com.wewritecode.miner.GoldMineController - Creating new task for: Counseling, Clinical, School Psychology - CNCSP.
2019-05-15 14:58:40,010 [restartedMain] DEBUG com.wewritecode.miner.GoldMineController - Creating new task for: Dance - DANCE.
2019-05-15 14:58:40,010 [restartedMain] DEBUG com.wewritecode.miner.GoldMineController - Creating new task for: Dynamical Neuroscience - DYNS.
2019-05-15 14:58:40,010 [restartedMain] DEBUG com.wewritecode.miner.GoldMineController - Creating new task for: Earth Science - EARTH.
2019-05-15 14:58:40,011 [restartedMain] DEBUG com.wewritecode.miner.GoldMineController - Creating new task for: East Asian Cultural Studies - EACS.
2019-05-15 14:58:40,011 [restartedMain] DEBUG com.wewritecode.miner.GoldMineController - Creating new task for: Ecology, Evolution & Marine Biology - EEMB.
2019-05-15 14:58:40,011 [restartedMain] DEBUG com.wewritecode.miner.GoldMineController - Creating new task for: Economics - ECON.
2019-05-15 14:58:40,011 [restartedMain] DEBUG com.wewritecode.miner.GoldMineController - Creating new task for: Education - ED.
2019-05-15 14:58:40,011 [restartedMain] DEBUG com.wewritecode.miner.GoldMineController - Creating new task for: Electrical Computer Engineering - ECE.
2019-05-15 14:58:40,011 [restartedMain] DEBUG com.wewritecode.miner.GoldMineController - Creating new task for: Engineering Sciences - ENGR.
2019-05-15 14:58:40,011 [restartedMain] DEBUG com.wewritecode.miner.GoldMineController - Creating new task for: English - ENGL.
2019-05-15 14:58:40,011 [restartedMain] DEBUG com.wewritecode.miner.GoldMineController - Creating new task for: Environmental Science & Management - ESM.
2019-05-15 14:58:40,011 [restartedMain] DEBUG com.wewritecode.miner.GoldMineController - Creating new task for: Environmental Studies - ENV S.
2019-05-15 14:58:40,011 [restartedMain] DEBUG com.wewritecode.miner.GoldMineController - Creating new task for: Exercise & Sport Studies - ESS.
2019-05-15 14:58:40,011 [restartedMain] DEBUG com.wewritecode.miner.GoldMineController - Creating new task for: Exercise Sport - ES.
2019-05-15 14:58:40,011 [restartedMain] DEBUG com.wewritecode.miner.GoldMineController - Creating new task for: Feminist Studies - FEMST.
2019-05-15 14:58:40,011 [restartedMain] DEBUG com.wewritecode.miner.GoldMineController - Creating new task for: Film and Media Studies - FAMST.
2019-05-15 14:58:40,011 [restartedMain] DEBUG com.wewritecode.miner.GoldMineController - Creating new task for: French - FR.
2019-05-15 14:58:40,011 [restartedMain] DEBUG com.wewritecode.miner.GoldMineController - Creating new task for: General Studies (Creative Studies) - GEN S.
2019-05-15 14:58:40,012 [restartedMain] DEBUG com.wewritecode.miner.GoldMineController - Creating new task for: General Studies (Creative Studies) - GEN SCS.
2019-05-15 14:58:40,012 [restartedMain] DEBUG com.wewritecode.miner.GoldMineController - Creating new task for: Geography - GEOG.
2019-05-15 14:58:40,012 [restartedMain] DEBUG com.wewritecode.miner.GoldMineController - Creating new task for: German - GER.
2019-05-15 14:58:40,012 [restartedMain] DEBUG com.wewritecode.miner.GoldMineController - Creating new task for: Global Peace and Security - GPS.
2019-05-15 14:58:40,012 [restartedMain] DEBUG com.wewritecode.miner.GoldMineController - Creating new task for: Global Studies - GLOBL.
2019-05-15 14:58:40,012 [restartedMain] DEBUG com.wewritecode.miner.GoldMineController - Creating new task for: Graduate Division - GRAD.
2019-05-15 14:58:40,012 [restartedMain] DEBUG com.wewritecode.miner.GoldMineController - Creating new task for: Greek - GREEK.
2019-05-15 14:58:40,012 [restartedMain] DEBUG com.wewritecode.miner.GoldMineController - Creating new task for: Hebrew - HEB.
2019-05-15 14:58:40,012 [restartedMain] DEBUG com.wewritecode.miner.GoldMineController - Creating new task for: History - HIST.
2019-05-15 14:58:40,012 [restartedMain] DEBUG com.wewritecode.miner.GoldMineController - Creating new task for: Interdisciplinary - INT.
2019-05-15 14:58:40,012 [restartedMain] DEBUG com.wewritecode.miner.GoldMineController - Creating new task for: Interdisciplinary (Creative Studies) - INT CS.
2019-05-15 14:58:40,012 [restartedMain] DEBUG com.wewritecode.miner.GoldMineController - Creating new task for: Italian - ITAL.
2019-05-15 14:58:40,012 [restartedMain] DEBUG com.wewritecode.miner.GoldMineController - Creating new task for: Japanese - JAPAN.
2019-05-15 14:58:40,012 [restartedMain] DEBUG com.wewritecode.miner.GoldMineController - Creating new task for: Korean - KOR.
2019-05-15 14:58:40,012 [restartedMain] DEBUG com.wewritecode.miner.GoldMineController - Creating new task for: Latin - LATIN.
2019-05-15 14:58:40,012 [restartedMain] DEBUG com.wewritecode.miner.GoldMineController - Creating new task for: Latin American and Iberian Studies - LAIS.
2019-05-15 14:58:40,013 [restartedMain] DEBUG com.wewritecode.miner.GoldMineController - Creating new task for: Linguistics - LING.
2019-05-15 14:58:40,013 [restartedMain] DEBUG com.wewritecode.miner.GoldMineController - Creating new task for: Literature (Creative Studies) - LIT.
2019-05-15 14:58:40,013 [restartedMain] DEBUG com.wewritecode.miner.GoldMineController - Creating new task for: Literature (Creative Studies) - LIT CS.
2019-05-15 14:58:40,013 [restartedMain] DEBUG com.wewritecode.miner.GoldMineController - Creating new task for: Marine Science - MARSC.
2019-05-15 14:58:40,013 [restartedMain] DEBUG com.wewritecode.miner.GoldMineController - Creating new task for: Materials - MATRL.
2019-05-15 14:58:40,013 [restartedMain] DEBUG com.wewritecode.miner.GoldMineController - Creating new task for: Mathematics - MATH.
2019-05-15 14:58:40,013 [restartedMain] DEBUG com.wewritecode.miner.GoldMineController - Creating new task for: Mathematics (Creative Studies) - MATH CS.
2019-05-15 14:58:40,013 [restartedMain] DEBUG com.wewritecode.miner.GoldMineController - Creating new task for: Mechanical Engineering - ME.
2019-05-15 14:58:40,013 [restartedMain] DEBUG com.wewritecode.miner.GoldMineController - Creating new task for: Media Arts and Technology - MAT.
2019-05-15 14:58:40,013 [restartedMain] DEBUG com.wewritecode.miner.GoldMineController - Creating new task for: Medieval Studies - ME ST.
2019-05-15 14:58:40,013 [restartedMain] DEBUG com.wewritecode.miner.GoldMineController - Creating new task for: Middle East Studies - MES.
2019-05-15 14:58:40,013 [restartedMain] DEBUG com.wewritecode.miner.GoldMineController - Creating new task for: Military Science - MS.
2019-05-15 14:58:40,013 [restartedMain] DEBUG com.wewritecode.miner.GoldMineController - Creating new task for: Molecular, Cellular & Develop. Biology - MCDB.
2019-05-15 14:58:40,013 [restartedMain] DEBUG com.wewritecode.miner.GoldMineController - Creating new task for: Music - MUS.
2019-05-15 14:58:40,014 [restartedMain] DEBUG com.wewritecode.miner.GoldMineController - Creating new task for: Music (Creative Studies) - MUS CS.
2019-05-15 14:58:40,014 [restartedMain] DEBUG com.wewritecode.miner.GoldMineController - Creating new task for: Music Performance Laboratories - MUS A.
2019-05-15 14:58:40,014 [restartedMain] DEBUG com.wewritecode.miner.GoldMineController - Creating new task for: Philosophy - PHIL.
2019-05-15 14:58:40,014 [restartedMain] DEBUG com.wewritecode.miner.GoldMineController - Creating new task for: Physics - PHYS.
2019-05-15 14:58:40,014 [restartedMain] DEBUG com.wewritecode.miner.GoldMineController - Creating new task for: Physics (Creative Studies) - PHYS CS.
2019-05-15 14:58:40,014 [restartedMain] DEBUG com.wewritecode.miner.GoldMineController - Creating new task for: Political Science - POL S.
2019-05-15 14:58:40,014 [restartedMain] DEBUG com.wewritecode.miner.GoldMineController - Creating new task for: Portuguese - PORT.
2019-05-15 14:58:40,014 [restartedMain] DEBUG com.wewritecode.miner.GoldMineController - Creating new task for: Psychology - PSY.
2019-05-15 14:58:40,014 [restartedMain] DEBUG com.wewritecode.miner.GoldMineController - Creating new task for: Religious Studies - RG ST.
2019-05-15 14:58:40,014 [restartedMain] DEBUG com.wewritecode.miner.GoldMineController - Creating new task for: Renaissance Studies - RENST.
2019-05-15 14:58:40,014 [restartedMain] DEBUG com.wewritecode.miner.GoldMineController - Creating new task for: Slavic - SLAV.
2019-05-15 14:58:40,014 [restartedMain] DEBUG com.wewritecode.miner.GoldMineController - Creating new task for: Sociology - SOC.
2019-05-15 14:58:40,014 [restartedMain] DEBUG com.wewritecode.miner.GoldMineController - Creating new task for: Spanish - SPAN.
2019-05-15 14:58:40,014 [restartedMain] DEBUG com.wewritecode.miner.GoldMineController - Creating new task for: Speech & Hearing Sciences - SHS.
2019-05-15 14:58:40,014 [restartedMain] DEBUG com.wewritecode.miner.GoldMineController - Creating new task for: Statistics & Applied Probability - PSTAT.
2019-05-15 14:58:40,014 [restartedMain] DEBUG com.wewritecode.miner.GoldMineController - Creating new task for: Technology Management - TMP.
2019-05-15 14:58:40,015 [restartedMain] DEBUG com.wewritecode.miner.GoldMineController - Creating new task for: Theater - THTR.
2019-05-15 14:58:40,015 [restartedMain] DEBUG com.wewritecode.miner.GoldMineController - Creating new task for: Writing - WRIT.
2019-05-15 14:58:40,015 [restartedMain] DEBUG com.wewritecode.miner.GoldMineController - Creating new task for: Writing & Literature (Creative Studies) - W&L.
2019-05-15 14:58:40,015 [restartedMain] DEBUG com.wewritecode.miner.GoldMineController - Creating new task for: Writing & Literature (Creative Studies) - W&L CS.
2019-05-15 14:58:42,611 [pool-1-thread-3] DEBUG com.wewritecode.miner.GoldMiner - Getting all courses from: Art (Creative Studies).
2019-05-15 14:58:42,673 [pool-1-thread-3] DEBUG com.wewritecode.miner.GoldMiner - Found 4 sessions for subject: Art (Creative Studies).
2019-05-15 14:58:42,819 [pool-1-thread-1] DEBUG com.wewritecode.miner.GoldMiner - Getting all courses from: Anthropology.
2019-05-15 14:58:42,842 [pool-1-thread-4] DEBUG com.wewritecode.miner.GoldMiner - Getting all courses from: Art History.
2019-05-15 14:58:42,888 [pool-1-thread-1] DEBUG com.wewritecode.miner.GoldMiner - Found 60 sessions for subject: Anthropology.
2019-05-15 14:58:42,891 [pool-1-thread-4] DEBUG com.wewritecode.miner.GoldMiner - Found 62 sessions for subject: Art History.
2019-05-15 14:58:43,016 [pool-1-thread-2] DEBUG com.wewritecode.miner.GoldMiner - Getting all courses from: Art.
2019-05-15 14:58:43,070 [pool-1-thread-2] DEBUG com.wewritecode.miner.GoldMiner - Found 40 sessions for subject: Art.
2019-05-15 14:58:43,227 [pool-1-thread-4] ERROR com.wewritecode.miner.GoldMiner - Error thrown at subject area: Art History
2019-05-15 14:58:44,724 [pool-1-thread-3] DEBUG com.wewritecode.miner.GoldMiner - Done getting courses for: Art (Creative Studies)
2019-05-15 14:58:44,726 [pool-1-thread-3] INFO  com.wewritecode.util.MethodTimer - Method: getCourses took 0 min, 2 sec for: Art (Creative Studies)
2019-05-15 14:58:46,592 [pool-1-thread-3] DEBUG com.wewritecode.miner.GoldMiner - Getting all courses from: Asian American Studies.
2019-05-15 14:58:46,634 [pool-1-thread-3] DEBUG com.wewritecode.miner.GoldMiner - Found 47 sessions for subject: Asian American Studies.
2019-05-15 14:58:47,000 [pool-1-thread-4] DEBUG com.wewritecode.miner.GoldMiner - Getting all courses from: Art Studio.
2019-05-15 14:58:48,584 [pool-1-thread-4] DEBUG com.wewritecode.miner.GoldMiner - Getting all courses from: Astronomy.
2019-05-15 14:58:48,613 [pool-1-thread-4] DEBUG com.wewritecode.miner.GoldMiner - Found 8 sessions for subject: Astronomy.
2019-05-15 14:58:51,239 [pool-1-thread-4] DEBUG com.wewritecode.miner.GoldMiner - Done getting courses for: Astronomy
2019-05-15 14:58:51,239 [pool-1-thread-4] INFO  com.wewritecode.util.MethodTimer - Method: getCourses took 0 min, 2 sec for: Astronomy
2019-05-15 14:58:52,775 [pool-1-thread-4] DEBUG com.wewritecode.miner.GoldMiner - Getting all courses from: Biology.
2019-05-15 14:58:52,805 [pool-1-thread-4] DEBUG com.wewritecode.miner.GoldMiner - Found 3 sessions for subject: Biology.
2019-05-15 14:58:54,054 [pool-1-thread-4] DEBUG com.wewritecode.miner.GoldMiner - Done getting courses for: Biology
2019-05-15 14:58:54,058 [pool-1-thread-4] INFO  com.wewritecode.util.MethodTimer - Method: getCourses took 0 min, 1 sec for: Biology
2019-05-15 14:58:55,639 [pool-1-thread-4] DEBUG com.wewritecode.miner.GoldMiner - Getting all courses from: Biology (Creative Studies).
2019-05-15 14:58:55,670 [pool-1-thread-4] DEBUG com.wewritecode.miner.GoldMiner - Found 3 sessions for subject: Biology (Creative Studies).
2019-05-15 14:58:56,927 [pool-1-thread-4] DEBUG com.wewritecode.miner.GoldMiner - Done getting courses for: Biology (Creative Studies)
2019-05-15 14:58:56,927 [pool-1-thread-4] INFO  com.wewritecode.util.MethodTimer - Method: getCourses took 0 min, 1 sec for: Biology (Creative Studies)
2019-05-15 14:58:58,558 [pool-1-thread-4] DEBUG com.wewritecode.miner.GoldMiner - Getting all courses from: Biomolecular Science and Engineering.
2019-05-15 14:58:58,593 [pool-1-thread-4] DEBUG com.wewritecode.miner.GoldMiner - Found 18 sessions for subject: Biomolecular Science and Engineering.
2019-05-15 14:59:06,608 [pool-1-thread-4] DEBUG com.wewritecode.miner.GoldMiner - Done getting courses for: Biomolecular Science and Engineering
2019-05-15 14:59:06,608 [pool-1-thread-4] INFO  com.wewritecode.util.MethodTimer - Method: getCourses took 0 min, 8 sec for: Biomolecular Science and Engineering
2019-05-15 14:59:08,238 [pool-1-thread-4] DEBUG com.wewritecode.miner.GoldMiner - Getting all courses from: Black Studies.
2019-05-15 14:59:08,273 [pool-1-thread-4] DEBUG com.wewritecode.miner.GoldMiner - Found 39 sessions for subject: Black Studies.
2019-05-15 14:59:09,577 [pool-1-thread-2] DEBUG com.wewritecode.miner.GoldMiner - Done getting courses for: Art
2019-05-15 14:59:09,578 [pool-1-thread-2] INFO  com.wewritecode.util.MethodTimer - Method: getCourses took 0 min, 26 sec for: Art
2019-05-15 14:59:11,404 [pool-1-thread-2] DEBUG com.wewritecode.miner.GoldMiner - Getting all courses from: Chemical Engineering.
2019-05-15 14:59:11,461 [pool-1-thread-2] DEBUG com.wewritecode.miner.GoldMiner - Found 38 sessions for subject: Chemical Engineering.
2019-05-15 14:59:13,404 [pool-1-thread-3] DEBUG com.wewritecode.miner.GoldMiner - Done getting courses for: Asian American Studies
2019-05-15 14:59:13,404 [pool-1-thread-3] INFO  com.wewritecode.util.MethodTimer - Method: getCourses took 0 min, 26 sec for: Asian American Studies
2019-05-15 14:59:14,874 [pool-1-thread-3] DEBUG com.wewritecode.miner.GoldMiner - Getting all courses from: Chemistry (Creative Studies).
2019-05-15 14:59:14,918 [pool-1-thread-3] DEBUG com.wewritecode.miner.GoldMiner - Found 1 sessions for subject: Chemistry (Creative Studies).
2019-05-15 14:59:15,306 [pool-1-thread-3] DEBUG com.wewritecode.miner.GoldMiner - Done getting courses for: Chemistry (Creative Studies)
2019-05-15 14:59:15,307 [pool-1-thread-3] INFO  com.wewritecode.util.MethodTimer - Method: getCourses took 0 min, 0 sec for: Chemistry (Creative Studies)
2019-05-15 14:59:18,597 [pool-1-thread-3] DEBUG com.wewritecode.miner.GoldMiner - Getting all courses from: Chemistry and Biochemistry.
2019-05-15 14:59:18,707 [pool-1-thread-3] DEBUG com.wewritecode.miner.GoldMiner - Found 224 sessions for subject: Chemistry and Biochemistry.
2019-05-15 14:59:24,261 [pool-1-thread-1] DEBUG com.wewritecode.miner.GoldMiner - Done getting courses for: Anthropology
2019-05-15 14:59:24,261 [pool-1-thread-1] INFO  com.wewritecode.util.MethodTimer - Method: getCourses took 0 min, 41 sec for: Anthropology
2019-05-15 14:59:24,333 [restartedMain] DEBUG com.wewritecode.miner.GoldMineController - Scraped ANTH courses.
2019-05-15 14:59:24,333 [restartedMain] DEBUG com.wewritecode.miner.GoldMineController - Scraped ART courses.
2019-05-15 14:59:24,334 [restartedMain] DEBUG com.wewritecode.miner.GoldMineController - Scraped ART CS courses.
2019-05-15 14:59:24,334 [restartedMain] ERROR Application - Exception thrown in main GoldMineCLI Application
2019-05-15 14:59:24,334 [restartedMain] ERROR Application - org.json.JSONException: JSONObject["courseID"] not found.
2019-05-15 14:59:27,154 [pool-1-thread-1] DEBUG com.wewritecode.miner.GoldMiner - Getting all courses from: Chicano Studies.
2019-05-15 14:59:27,214 [pool-1-thread-1] DEBUG com.wewritecode.miner.GoldMiner - Found 37 sessions for subject: Chicano Studies.
2019-05-15 14:59:29,717 [pool-1-thread-4] DEBUG com.wewritecode.miner.GoldMiner - Done getting courses for: Black Studies
2019-05-15 14:59:29,717 [pool-1-thread-4] INFO  com.wewritecode.util.MethodTimer - Method: getCourses took 0 min, 21 sec for: Black Studies
2019-05-15 14:59:31,350 [pool-1-thread-4] DEBUG com.wewritecode.miner.GoldMiner - Getting all courses from: Chinese.
2019-05-15 14:59:31,410 [pool-1-thread-4] DEBUG com.wewritecode.miner.GoldMiner - Found 33 sessions for subject: Chinese.
2019-05-15 14:59:34,184 [pool-1-thread-2] DEBUG com.wewritecode.miner.GoldMiner - Done getting courses for: Chemical Engineering
2019-05-15 14:59:34,184 [pool-1-thread-2] INFO  com.wewritecode.util.MethodTimer - Method: getCourses took 0 min, 22 sec for: Chemical Engineering
2019-05-15 14:59:35,841 [pool-1-thread-2] DEBUG com.wewritecode.miner.GoldMiner - Getting all courses from: Classics.
2019-05-15 14:59:35,906 [pool-1-thread-2] DEBUG com.wewritecode.miner.GoldMiner - Found 43 sessions for subject: Classics.
