2019-05-01 15:48:31,808 [restartedMain] INFO  com.wewritecode.miner.GoldMineCLI - Beginning scraping program.
2019-05-01 15:48:31,809 [restartedMain] INFO  com.wewritecode.miner.GoldMineCLI - Beginning scraping SUMMER 2019
2019-05-01 15:48:31,810 [restartedMain] INFO  com.wewritecode.miner.GoldMineController - Starting multi-threaded scrape.
2019-05-01 15:48:32,502 [restartedMain] INFO  com.wewritecode.miner.GoldMineController - Creating 4 available threads.
2019-05-01 15:48:33,945 [restartedMain] DEBUG com.wewritecode.miner.GoldMineController - Creating new task for: Anthropology - ANTH.
2019-05-01 15:48:33,946 [restartedMain] DEBUG com.wewritecode.miner.GoldMineController - Creating new task for: Art - ART.
2019-05-01 15:48:33,947 [restartedMain] DEBUG com.wewritecode.miner.GoldMineController - Creating new task for: Art (Creative Studies) - ART CS.
2019-05-01 15:48:33,947 [restartedMain] DEBUG com.wewritecode.miner.GoldMineController - Creating new task for: Art History - ARTHI.
2019-05-01 15:48:33,948 [restartedMain] DEBUG com.wewritecode.miner.GoldMineController - Creating new task for: Art Studio - ARTST.
2019-05-01 15:48:33,948 [restartedMain] DEBUG com.wewritecode.miner.GoldMineController - Creating new task for: Asian American Studies - AS AM.
2019-05-01 15:48:33,948 [restartedMain] DEBUG com.wewritecode.miner.GoldMineController - Creating new task for: Astronomy - ASTRO.
2019-05-01 15:48:33,948 [restartedMain] DEBUG com.wewritecode.miner.GoldMineController - Creating new task for: Biology - BIOL.
2019-05-01 15:48:33,949 [restartedMain] DEBUG com.wewritecode.miner.GoldMineController - Creating new task for: Biology (Creative Studies) - BIOL CS.
2019-05-01 15:48:33,949 [restartedMain] DEBUG com.wewritecode.miner.GoldMineController - Creating new task for: Biomolecular Science and Engineering - BMSE.
2019-05-01 15:48:33,949 [restartedMain] DEBUG com.wewritecode.miner.GoldMineController - Creating new task for: Black Studies - BL ST.
2019-05-01 15:48:33,949 [restartedMain] DEBUG com.wewritecode.miner.GoldMineController - Creating new task for: Chemical Engineering - CH E.
2019-05-01 15:48:33,949 [restartedMain] DEBUG com.wewritecode.miner.GoldMineController - Creating new task for: Chemistry (Creative Studies) - CHEM CS.
2019-05-01 15:48:33,949 [restartedMain] DEBUG com.wewritecode.miner.GoldMineController - Creating new task for: Chemistry and Biochemistry - CHEM.
2019-05-01 15:48:33,949 [restartedMain] DEBUG com.wewritecode.miner.GoldMineController - Creating new task for: Chicano Studies - CH ST.
2019-05-01 15:48:33,949 [restartedMain] DEBUG com.wewritecode.miner.GoldMineController - Creating new task for: Chinese - CHIN.
2019-05-01 15:48:33,949 [restartedMain] DEBUG com.wewritecode.miner.GoldMineController - Creating new task for: Classics - CLASS.
2019-05-01 15:48:33,949 [restartedMain] DEBUG com.wewritecode.miner.GoldMineController - Creating new task for: Communication - COMM.
2019-05-01 15:48:33,949 [restartedMain] DEBUG com.wewritecode.miner.GoldMineController - Creating new task for: Comparative Literature - C LIT.
2019-05-01 15:48:33,949 [restartedMain] DEBUG com.wewritecode.miner.GoldMineController - Creating new task for: Computer Science - CMPSC.
2019-05-01 15:48:33,949 [restartedMain] DEBUG com.wewritecode.miner.GoldMineController - Creating new task for: Computer Science (Creative Studies) - CMPSCCS.
2019-05-01 15:48:33,949 [restartedMain] DEBUG com.wewritecode.miner.GoldMineController - Creating new task for: Computing (Creative Studies) - CMPTG.
2019-05-01 15:48:33,949 [restartedMain] DEBUG com.wewritecode.miner.GoldMineController - Creating new task for: Computing (Creative Studies) - CMPTGCS.
2019-05-01 15:48:33,950 [restartedMain] DEBUG com.wewritecode.miner.GoldMineController - Creating new task for: Counseling, Clinical, School Psychology - CNCSP.
2019-05-01 15:48:33,950 [restartedMain] DEBUG com.wewritecode.miner.GoldMineController - Creating new task for: Dance - DANCE.
2019-05-01 15:48:33,950 [restartedMain] DEBUG com.wewritecode.miner.GoldMineController - Creating new task for: Dynamical Neuroscience - DYNS.
2019-05-01 15:48:33,950 [restartedMain] DEBUG com.wewritecode.miner.GoldMineController - Creating new task for: Earth Science - EARTH.
2019-05-01 15:48:33,950 [restartedMain] DEBUG com.wewritecode.miner.GoldMineController - Creating new task for: East Asian Cultural Studies - EACS.
2019-05-01 15:48:33,950 [restartedMain] DEBUG com.wewritecode.miner.GoldMineController - Creating new task for: Ecology, Evolution & Marine Biology - EEMB.
2019-05-01 15:48:33,950 [restartedMain] DEBUG com.wewritecode.miner.GoldMineController - Creating new task for: Economics - ECON.
2019-05-01 15:48:33,950 [restartedMain] DEBUG com.wewritecode.miner.GoldMineController - Creating new task for: Education - ED.
2019-05-01 15:48:33,950 [restartedMain] DEBUG com.wewritecode.miner.GoldMineController - Creating new task for: Electrical Computer Engineering - ECE.
2019-05-01 15:48:33,950 [restartedMain] DEBUG com.wewritecode.miner.GoldMineController - Creating new task for: Engineering Sciences - ENGR.
2019-05-01 15:48:33,950 [restartedMain] DEBUG com.wewritecode.miner.GoldMineController - Creating new task for: English - ENGL.
2019-05-01 15:48:33,950 [restartedMain] DEBUG com.wewritecode.miner.GoldMineController - Creating new task for: Environmental Science & Management - ESM.
2019-05-01 15:48:33,950 [restartedMain] DEBUG com.wewritecode.miner.GoldMineController - Creating new task for: Environmental Studies - ENV S.
2019-05-01 15:48:33,950 [restartedMain] DEBUG com.wewritecode.miner.GoldMineController - Creating new task for: Exercise & Sport Studies - ESS.
2019-05-01 15:48:33,950 [restartedMain] DEBUG com.wewritecode.miner.GoldMineController - Creating new task for: Exercise Sport - ES.
2019-05-01 15:48:33,950 [restartedMain] DEBUG com.wewritecode.miner.GoldMineController - Creating new task for: Feminist Studies - FEMST.
2019-05-01 15:48:33,951 [restartedMain] DEBUG com.wewritecode.miner.GoldMineController - Creating new task for: Film and Media Studies - FAMST.
2019-05-01 15:48:33,951 [restartedMain] DEBUG com.wewritecode.miner.GoldMineController - Creating new task for: French - FR.
2019-05-01 15:48:33,951 [restartedMain] DEBUG com.wewritecode.miner.GoldMineController - Creating new task for: General Studies (Creative Studies) - GEN S.
2019-05-01 15:48:33,951 [restartedMain] DEBUG com.wewritecode.miner.GoldMineController - Creating new task for: General Studies (Creative Studies) - GEN SCS.
2019-05-01 15:48:33,951 [restartedMain] DEBUG com.wewritecode.miner.GoldMineController - Creating new task for: Geography - GEOG.
2019-05-01 15:48:33,951 [restartedMain] DEBUG com.wewritecode.miner.GoldMineController - Creating new task for: German - GER.
2019-05-01 15:48:33,951 [restartedMain] DEBUG com.wewritecode.miner.GoldMineController - Creating new task for: Global Peace and Security - GPS.
2019-05-01 15:48:33,951 [restartedMain] DEBUG com.wewritecode.miner.GoldMineController - Creating new task for: Global Studies - GLOBL.
2019-05-01 15:48:33,951 [restartedMain] DEBUG com.wewritecode.miner.GoldMineController - Creating new task for: Graduate Division - GRAD.
2019-05-01 15:48:33,951 [restartedMain] DEBUG com.wewritecode.miner.GoldMineController - Creating new task for: Greek - GREEK.
2019-05-01 15:48:33,951 [restartedMain] DEBUG com.wewritecode.miner.GoldMineController - Creating new task for: Hebrew - HEB.
2019-05-01 15:48:33,951 [restartedMain] DEBUG com.wewritecode.miner.GoldMineController - Creating new task for: History - HIST.
2019-05-01 15:48:33,951 [restartedMain] DEBUG com.wewritecode.miner.GoldMineController - Creating new task for: Interdisciplinary - INT.
2019-05-01 15:48:33,951 [restartedMain] DEBUG com.wewritecode.miner.GoldMineController - Creating new task for: Interdisciplinary (Creative Studies) - INT CS.
2019-05-01 15:48:33,952 [restartedMain] DEBUG com.wewritecode.miner.GoldMineController - Creating new task for: Italian - ITAL.
2019-05-01 15:48:33,953 [restartedMain] DEBUG com.wewritecode.miner.GoldMineController - Creating new task for: Japanese - JAPAN.
2019-05-01 15:48:33,953 [restartedMain] DEBUG com.wewritecode.miner.GoldMineController - Creating new task for: Korean - KOR.
2019-05-01 15:48:33,953 [restartedMain] DEBUG com.wewritecode.miner.GoldMineController - Creating new task for: Latin - LATIN.
2019-05-01 15:48:33,953 [restartedMain] DEBUG com.wewritecode.miner.GoldMineController - Creating new task for: Latin American and Iberian Studies - LAIS.
2019-05-01 15:48:33,953 [restartedMain] DEBUG com.wewritecode.miner.GoldMineController - Creating new task for: Linguistics - LING.
2019-05-01 15:48:33,953 [restartedMain] DEBUG com.wewritecode.miner.GoldMineController - Creating new task for: Literature (Creative Studies) - LIT.
2019-05-01 15:48:33,955 [restartedMain] DEBUG com.wewritecode.miner.GoldMineController - Creating new task for: Literature (Creative Studies) - LIT CS.
2019-05-01 15:48:33,955 [restartedMain] DEBUG com.wewritecode.miner.GoldMineController - Creating new task for: Marine Science - MARSC.
2019-05-01 15:48:33,956 [restartedMain] DEBUG com.wewritecode.miner.GoldMineController - Creating new task for: Materials - MATRL.
2019-05-01 15:48:33,956 [restartedMain] DEBUG com.wewritecode.miner.GoldMineController - Creating new task for: Mathematics - MATH.
2019-05-01 15:48:33,957 [restartedMain] DEBUG com.wewritecode.miner.GoldMineController - Creating new task for: Mathematics (Creative Studies) - MATH CS.
2019-05-01 15:48:33,957 [restartedMain] DEBUG com.wewritecode.miner.GoldMineController - Creating new task for: Mechanical Engineering - ME.
2019-05-01 15:48:33,957 [restartedMain] DEBUG com.wewritecode.miner.GoldMineController - Creating new task for: Media Arts and Technology - MAT.
2019-05-01 15:48:33,957 [restartedMain] DEBUG com.wewritecode.miner.GoldMineController - Creating new task for: Medieval Studies - ME ST.
2019-05-01 15:48:33,957 [restartedMain] DEBUG com.wewritecode.miner.GoldMineController - Creating new task for: Middle East Studies - MES.
2019-05-01 15:48:33,957 [restartedMain] DEBUG com.wewritecode.miner.GoldMineController - Creating new task for: Military Science - MS.
2019-05-01 15:48:33,957 [restartedMain] DEBUG com.wewritecode.miner.GoldMineController - Creating new task for: Molecular, Cellular & Develop. Biology - MCDB.
2019-05-01 15:48:33,957 [restartedMain] DEBUG com.wewritecode.miner.GoldMineController - Creating new task for: Music - MUS.
2019-05-01 15:48:33,957 [restartedMain] DEBUG com.wewritecode.miner.GoldMineController - Creating new task for: Music (Creative Studies) - MUS CS.
2019-05-01 15:48:33,957 [restartedMain] DEBUG com.wewritecode.miner.GoldMineController - Creating new task for: Music Performance Laboratories - MUS A.
2019-05-01 15:48:33,957 [restartedMain] DEBUG com.wewritecode.miner.GoldMineController - Creating new task for: Philosophy - PHIL.
2019-05-01 15:48:33,957 [restartedMain] DEBUG com.wewritecode.miner.GoldMineController - Creating new task for: Physics - PHYS.
2019-05-01 15:48:33,957 [restartedMain] DEBUG com.wewritecode.miner.GoldMineController - Creating new task for: Physics (Creative Studies) - PHYS CS.
2019-05-01 15:48:33,957 [restartedMain] DEBUG com.wewritecode.miner.GoldMineController - Creating new task for: Political Science - POL S.
2019-05-01 15:48:33,957 [restartedMain] DEBUG com.wewritecode.miner.GoldMineController - Creating new task for: Portuguese - PORT.
2019-05-01 15:48:33,957 [restartedMain] DEBUG com.wewritecode.miner.GoldMineController - Creating new task for: Psychology - PSY.
2019-05-01 15:48:33,958 [restartedMain] DEBUG com.wewritecode.miner.GoldMineController - Creating new task for: Religious Studies - RG ST.
2019-05-01 15:48:33,958 [restartedMain] DEBUG com.wewritecode.miner.GoldMineController - Creating new task for: Renaissance Studies - RENST.
2019-05-01 15:48:33,958 [restartedMain] DEBUG com.wewritecode.miner.GoldMineController - Creating new task for: Slavic - SLAV.
2019-05-01 15:48:33,958 [restartedMain] DEBUG com.wewritecode.miner.GoldMineController - Creating new task for: Sociology - SOC.
2019-05-01 15:48:33,958 [restartedMain] DEBUG com.wewritecode.miner.GoldMineController - Creating new task for: Spanish - SPAN.
2019-05-01 15:48:33,958 [restartedMain] DEBUG com.wewritecode.miner.GoldMineController - Creating new task for: Speech & Hearing Sciences - SHS.
2019-05-01 15:48:33,958 [restartedMain] DEBUG com.wewritecode.miner.GoldMineController - Creating new task for: Statistics & Applied Probability - PSTAT.
2019-05-01 15:48:33,958 [restartedMain] DEBUG com.wewritecode.miner.GoldMineController - Creating new task for: Technology Management - TMP.
2019-05-01 15:48:33,958 [restartedMain] DEBUG com.wewritecode.miner.GoldMineController - Creating new task for: Theater - THTR.
2019-05-01 15:48:33,958 [restartedMain] DEBUG com.wewritecode.miner.GoldMineController - Creating new task for: Writing - WRIT.
2019-05-01 15:48:33,958 [restartedMain] DEBUG com.wewritecode.miner.GoldMineController - Creating new task for: Writing & Literature (Creative Studies) - W&L.
2019-05-01 15:48:33,958 [restartedMain] DEBUG com.wewritecode.miner.GoldMineController - Creating new task for: Writing & Literature (Creative Studies) - W&L CS.
2019-05-01 15:48:36,219 [pool-1-thread-3] DEBUG com.wewritecode.miner.GoldMiner - Getting all courses from: Art (Creative Studies).
2019-05-01 15:48:36,752 [pool-1-thread-1] DEBUG com.wewritecode.miner.GoldMiner - Getting all courses from: Anthropology.
2019-05-01 15:48:36,800 [pool-1-thread-1] DEBUG com.wewritecode.miner.GoldMiner - Found 33 sessions for subject: Anthropology.
2019-05-01 15:48:36,933 [pool-1-thread-4] DEBUG com.wewritecode.miner.GoldMiner - Getting all courses from: Art History.
2019-05-01 15:48:36,990 [pool-1-thread-2] DEBUG com.wewritecode.miner.GoldMiner - Getting all courses from: Art.
2019-05-01 15:48:37,002 [pool-1-thread-4] DEBUG com.wewritecode.miner.GoldMiner - Found 24 sessions for subject: Art History.
2019-05-01 15:48:37,079 [pool-1-thread-2] DEBUG com.wewritecode.miner.GoldMiner - Found 13 sessions for subject: Art.
2019-05-01 15:48:38,429 [pool-1-thread-3] DEBUG com.wewritecode.miner.GoldMiner - Getting all courses from: Art Studio.
2019-05-01 15:48:40,539 [pool-1-thread-3] DEBUG com.wewritecode.miner.GoldMiner - Getting all courses from: Asian American Studies.
2019-05-01 15:48:40,598 [pool-1-thread-3] DEBUG com.wewritecode.miner.GoldMiner - Found 15 sessions for subject: Asian American Studies.
2019-05-01 15:48:41,750 [restartedMain] ERROR com.wewritecode.miner.GoldMineCLI - Exception thrown in main GoldMineCLI Application
2019-05-01 15:48:41,750 [restartedMain] ERROR com.wewritecode.miner.GoldMineCLI - org.openqa.selenium.WebDriverException: java.net.ConnectException: Failed to connect to localhost/0:0:0:0:0:0:0:1:44104
Build info: version: '3.14.0', revision: 'aacccce0', time: '2018-08-02T20:19:58.91Z'
System info: host: '169-231-162-100.wireless.ucsb.edu', ip: 'fe80:0:0:0:14df:e904:e999:282a%en0', os.name: 'Mac OS X', os.arch: 'x86_64', os.version: '10.14.4', java.version: '1.8.0_181'
Driver info: driver.version: RemoteWebDriver
